{"/home/travis/build/npmtest/node-npmtest-check-types/test.js":{"path":"/home/travis/build/npmtest/node-npmtest-check-types/test.js","s":{"1":2,"2":2,"3":2,"4":2,"5":2,"6":2,"7":2,"8":1,"9":2,"10":2,"11":1,"12":1,"13":1,"14":1,"15":2,"16":2,"17":2,"18":2,"19":1,"20":1,"21":2,"22":2,"23":2,"24":1,"25":1,"26":1,"27":1,"28":1,"29":1,"30":1,"31":1,"32":1,"33":1,"34":1,"35":1,"36":1,"37":2,"38":2,"39":1,"40":2,"41":2,"42":1,"43":2,"44":2,"45":1,"46":2,"47":2,"48":1,"49":1,"50":1,"51":1,"52":1},"b":{"1":[2,1,1,1],"2":[1,1,1,1],"3":[1,1],"4":[1,1],"5":[1,1],"6":[1,1],"7":[1,1],"8":[1,1],"9":[1,1,1],"10":[1,1],"11":[1,1],"12":[1,1],"13":[1,1],"14":[1,1],"15":[1,1],"16":[1,1]},"f":{"1":2,"2":2,"3":2,"4":2,"5":2,"6":1,"7":1,"8":2,"9":2,"10":2,"11":2,"12":1},"fnMap":{"1":{"name":"(anonymous_1)","line":12,"loc":{"start":{"line":12,"column":1},"end":{"line":12,"column":13}}},"2":{"name":"(anonymous_2)","line":19,"loc":{"start":{"line":19,"column":5},"end":{"line":19,"column":17}}},"3":{"name":"(anonymous_3)","line":23,"loc":{"start":{"line":23,"column":24},"end":{"line":23,"column":36}}},"4":{"name":"(anonymous_4)","line":61,"loc":{"start":{"line":61,"column":5},"end":{"line":61,"column":17}}},"5":{"name":"(anonymous_5)","line":82,"loc":{"start":{"line":82,"column":5},"end":{"line":82,"column":17}}},"6":{"name":"(anonymous_6)","line":102,"loc":{"start":{"line":102,"column":83},"end":{"line":105,"column":10}},"skip":true},"7":{"name":"(anonymous_7)","line":113,"loc":{"start":{"line":113,"column":77},"end":{"line":116,"column":10}},"skip":true},"8":{"name":"(anonymous_8)","line":129,"loc":{"start":{"line":129,"column":12},"end":{"line":129,"column":40}},"skip":true},"9":{"name":"(anonymous_9)","line":137,"loc":{"start":{"line":137,"column":77},"end":{"line":140,"column":10}},"skip":true},"10":{"name":"(anonymous_10)","line":148,"loc":{"start":{"line":148,"column":83},"end":{"line":151,"column":10}},"skip":true},"11":{"name":"(anonymous_11)","line":159,"loc":{"start":{"line":159,"column":79},"end":{"line":162,"column":10}},"skip":true},"12":{"name":"(anonymous_12)","line":170,"loc":{"start":{"line":170,"column":75},"end":{"line":173,"column":10}},"skip":true}},"statementMap":{"1":{"start":{"line":12,"column":0},"end":{"line":185,"column":5}},"2":{"start":{"line":14,"column":4},"end":{"line":14,"column":14}},"3":{"start":{"line":19,"column":4},"end":{"line":56,"column":9}},"4":{"start":{"line":21,"column":8},"end":{"line":21,"column":19}},"5":{"start":{"line":23,"column":8},"end":{"line":35,"column":13}},"6":{"start":{"line":24,"column":12},"end":{"line":34,"column":13}},"7":{"start":{"line":25,"column":16},"end":{"line":28,"column":30}},"8":{"start":{"line":30,"column":16},"end":{"line":33,"column":27}},"9":{"start":{"line":37,"column":8},"end":{"line":39,"column":21}},"10":{"start":{"line":40,"column":8},"end":{"line":53,"column":9}},"11":{"start":{"line":43,"column":12},"end":{"line":46,"column":14}},"12":{"start":{"line":47,"column":12},"end":{"line":47,"column":18}},"13":{"start":{"line":50,"column":12},"end":{"line":51,"column":46}},"14":{"start":{"line":52,"column":12},"end":{"line":52,"column":18}},"15":{"start":{"line":55,"column":8},"end":{"line":55,"column":35}},"16":{"start":{"line":61,"column":4},"end":{"line":63,"column":9}},"17":{"start":{"line":62,"column":8},"end":{"line":62,"column":15}},"18":{"start":{"line":64,"column":4},"end":{"line":77,"column":5}},"19":{"start":{"line":70,"column":8},"end":{"line":70,"column":14}},"20":{"start":{"line":76,"column":8},"end":{"line":76,"column":14}},"21":{"start":{"line":82,"column":4},"end":{"line":84,"column":9}},"22":{"start":{"line":83,"column":8},"end":{"line":83,"column":15}},"23":{"start":{"line":85,"column":4},"end":{"line":184,"column":5}},"24":{"start":{"line":92,"column":8},"end":{"line":94,"column":63}},"25":{"start":{"line":95,"column":8},"end":{"line":95,"column":14}},"26":{"start":{"line":102,"column":8},"end":{"line":111,"column":10},"skip":true},"27":{"start":{"line":109,"column":12},"end":{"line":109,"column":55},"skip":true},"28":{"start":{"line":110,"column":12},"end":{"line":110,"column":48},"skip":true},"29":{"start":{"line":113,"column":8},"end":{"line":126,"column":10},"skip":true},"30":{"start":{"line":120,"column":12},"end":{"line":120,"column":76},"skip":true},"31":{"start":{"line":121,"column":12},"end":{"line":121,"column":73},"skip":true},"32":{"start":{"line":122,"column":12},"end":{"line":122,"column":74},"skip":true},"33":{"start":{"line":123,"column":12},"end":{"line":123,"column":79},"skip":true},"34":{"start":{"line":124,"column":12},"end":{"line":124,"column":25},"skip":true},"35":{"start":{"line":125,"column":12},"end":{"line":125,"column":45},"skip":true},"36":{"start":{"line":128,"column":8},"end":{"line":135,"column":14},"skip":true},"37":{"start":{"line":133,"column":16},"end":{"line":133,"column":29},"skip":true},"38":{"start":{"line":134,"column":16},"end":{"line":134,"column":55},"skip":true},"39":{"start":{"line":137,"column":8},"end":{"line":146,"column":10},"skip":true},"40":{"start":{"line":144,"column":12},"end":{"line":144,"column":25},"skip":true},"41":{"start":{"line":145,"column":12},"end":{"line":145,"column":45},"skip":true},"42":{"start":{"line":148,"column":8},"end":{"line":157,"column":10},"skip":true},"43":{"start":{"line":155,"column":12},"end":{"line":155,"column":25},"skip":true},"44":{"start":{"line":156,"column":12},"end":{"line":156,"column":48},"skip":true},"45":{"start":{"line":159,"column":8},"end":{"line":168,"column":10},"skip":true},"46":{"start":{"line":166,"column":12},"end":{"line":166,"column":25},"skip":true},"47":{"start":{"line":167,"column":12},"end":{"line":167,"column":46},"skip":true},"48":{"start":{"line":170,"column":8},"end":{"line":179,"column":10},"skip":true},"49":{"start":{"line":177,"column":12},"end":{"line":177,"column":94},"skip":true},"50":{"start":{"line":178,"column":12},"end":{"line":178,"column":48},"skip":true},"51":{"start":{"line":182,"column":8},"end":{"line":182,"column":35},"skip":true},"52":{"start":{"line":183,"column":8},"end":{"line":183,"column":14},"skip":true}},"branchMap":{"1":{"line":25,"type":"binary-expr","locations":[{"start":{"line":25,"column":23},"end":{"line":25,"column":62}},{"start":{"line":26,"column":20},"end":{"line":26,"column":70}},{"start":{"line":27,"column":20},"end":{"line":27,"column":71}},{"start":{"line":28,"column":20},"end":{"line":28,"column":29}}]},"2":{"line":30,"type":"binary-expr","locations":[{"start":{"line":30,"column":23},"end":{"line":30,"column":37}},{"start":{"line":31,"column":20},"end":{"line":31,"column":61}},{"start":{"line":32,"column":20},"end":{"line":32,"column":70}},{"start":{"line":33,"column":20},"end":{"line":33,"column":26}}]},"3":{"line":37,"type":"cond-expr","locations":[{"start":{"line":38,"column":14},"end":{"line":38,"column":20}},{"start":{"line":39,"column":14},"end":{"line":39,"column":20}}]},"4":{"line":40,"type":"switch","locations":[{"start":{"line":42,"column":8},"end":{"line":47,"column":18}},{"start":{"line":49,"column":8},"end":{"line":52,"column":18}}]},"5":{"line":44,"type":"binary-expr","locations":[{"start":{"line":44,"column":16},"end":{"line":44,"column":44}},{"start":{"line":44,"column":48},"end":{"line":44,"column":66}}]},"6":{"line":50,"type":"binary-expr","locations":[{"start":{"line":50,"column":21},"end":{"line":50,"column":49}},{"start":{"line":50,"column":53},"end":{"line":50,"column":72}}]},"7":{"line":64,"type":"switch","locations":[{"start":{"line":69,"column":4},"end":{"line":70,"column":14}},{"start":{"line":75,"column":4},"end":{"line":76,"column":14}}]},"8":{"line":85,"type":"switch","locations":[{"start":{"line":90,"column":4},"end":{"line":95,"column":14}},{"start":{"line":101,"column":4},"end":{"line":183,"column":14},"skip":true}]},"9":{"line":92,"type":"binary-expr","locations":[{"start":{"line":92,"column":18},"end":{"line":92,"column":32}},{"start":{"line":93,"column":12},"end":{"line":93,"column":53}},{"start":{"line":94,"column":12},"end":{"line":94,"column":61}}]},"10":{"line":102,"type":"binary-expr","locations":[{"start":{"line":102,"column":45},"end":{"line":102,"column":79},"skip":true},{"start":{"line":102,"column":83},"end":{"line":111,"column":9},"skip":true}]},"11":{"line":113,"type":"binary-expr","locations":[{"start":{"line":113,"column":42},"end":{"line":113,"column":73},"skip":true},{"start":{"line":113,"column":77},"end":{"line":126,"column":9},"skip":true}]},"12":{"line":128,"type":"binary-expr","locations":[{"start":{"line":128,"column":48},"end":{"line":128,"column":85},"skip":true},{"start":{"line":129,"column":12},"end":{"line":135,"column":13},"skip":true}]},"13":{"line":137,"type":"binary-expr","locations":[{"start":{"line":137,"column":42},"end":{"line":137,"column":73},"skip":true},{"start":{"line":137,"column":77},"end":{"line":146,"column":9},"skip":true}]},"14":{"line":148,"type":"binary-expr","locations":[{"start":{"line":148,"column":45},"end":{"line":148,"column":79},"skip":true},{"start":{"line":148,"column":83},"end":{"line":157,"column":9},"skip":true}]},"15":{"line":159,"type":"binary-expr","locations":[{"start":{"line":159,"column":43},"end":{"line":159,"column":75},"skip":true},{"start":{"line":159,"column":79},"end":{"line":168,"column":9},"skip":true}]},"16":{"line":170,"type":"binary-expr","locations":[{"start":{"line":170,"column":41},"end":{"line":170,"column":71},"skip":true},{"start":{"line":170,"column":75},"end":{"line":179,"column":9},"skip":true}]}},"code":["/* istanbul instrument in package npmtest_check_types */","/*jslint","    bitwise: true,","    browser: true,","    maxerr: 8,","    maxlen: 96,","    node: true,","    nomen: true,","    regexp: true,","    stupid: true","*/","(function () {","    'use strict';","    var local;","","","","    // run shared js-env code - pre-init","    (function () {","        // init local","        local = {};","        // init modeJs","        local.modeJs = (function () {","            try {","                return typeof navigator.userAgent === 'string' &&","                    typeof document.querySelector('body') === 'object' &&","                    typeof XMLHttpRequest.prototype.open === 'function' &&","                    'browser';","            } catch (errorCaughtBrowser) {","                return module.exports &&","                    typeof process.versions.node === 'string' &&","                    typeof require('http').createServer === 'function' &&","                    'node';","            }","        }());","        // init global","        local.global = local.modeJs === 'browser'","            ? window","            : global;","        switch (local.modeJs) {","        // re-init local from window.local","        case 'browser':","            local = local.global.utility2.objectSetDefault(","                local.global.utility2_rollup || local.global.local,","                local.global.utility2","            );","            break;","        // re-init local from example.js","        case 'node':","            local = (local.global.utility2_rollup || require('utility2'))","                .requireExampleJsFromReadme();","            break;","        }","        // export local","        local.global.local = local;","    }());","","","","    // run shared js-env code - function","    (function () {","        return;","    }());","    switch (local.modeJs) {","","","","    // run browser js-env code - function","    case 'browser':","        break;","","","","    // run node js-env code - function","    case 'node':","        break;","    }","","","","    // run shared js-env code - post-init","    (function () {","        return;","    }());","    switch (local.modeJs) {","","","","    // run browser js-env code - post-init","    case 'browser':","        // run tests","        local.nop(local.modeTest &&","            document.querySelector('#testRunButton1') &&","            document.querySelector('#testRunButton1').click());","        break;","","","","    // run node js-env code - post-init","    /* istanbul ignore next */","    case 'node':","        local.testCase_buildApidoc_default = local.testCase_buildApidoc_default || function (","            options,","            onError","        ) {","        /*","         * this function will test buildApidoc's default handling-behavior-behavior","         */","            options = { modulePathList: module.paths };","            local.buildApidoc(options, onError);","        };","","        local.testCase_buildApp_default = local.testCase_buildApp_default || function (","            options,","            onError","        ) {","        /*","         * this function will test buildApp's default handling-behavior-behavior","         */","            local.testCase_buildReadme_default(options, local.onErrorThrow);","            local.testCase_buildLib_default(options, local.onErrorThrow);","            local.testCase_buildTest_default(options, local.onErrorThrow);","            local.testCase_buildCustomOrg_default(options, local.onErrorThrow);","            options = [];","            local.buildApp(options, onError);","        };","","        local.testCase_buildCustomOrg_default = local.testCase_buildCustomOrg_default ||","            function (options, onError) {","            /*","             * this function will test buildCustomOrg's default handling-behavior","             */","                options = {};","                local.buildCustomOrg(options, onError);","            };","","        local.testCase_buildLib_default = local.testCase_buildLib_default || function (","            options,","            onError","        ) {","        /*","         * this function will test buildLib's default handling-behavior","         */","            options = {};","            local.buildLib(options, onError);","        };","","        local.testCase_buildReadme_default = local.testCase_buildReadme_default || function (","            options,","            onError","        ) {","        /*","         * this function will test buildReadme's default handling-behavior-behavior","         */","            options = {};","            local.buildReadme(options, onError);","        };","","        local.testCase_buildTest_default = local.testCase_buildTest_default || function (","            options,","            onError","        ) {","        /*","         * this function will test buildTest's default handling-behavior","         */","            options = {};","            local.buildTest(options, onError);","        };","","        local.testCase_webpage_default = local.testCase_webpage_default || function (","            options,","            onError","        ) {","        /*","         * this function will test webpage's default handling-behavior","         */","            options = { modeCoverageMerge: true, url: local.serverLocalHost + '?modeTest=1' };","            local.browserTest(options, onError);","        };","","        // run test-server","        local.testRunServer(local);","        break;","    }","}());",""],"l":{"12":2,"14":2,"19":2,"21":2,"23":2,"24":2,"25":2,"30":1,"37":2,"40":2,"43":1,"47":1,"50":1,"52":1,"55":2,"61":2,"62":2,"64":2,"70":1,"76":1,"82":2,"83":2,"85":2,"92":1,"95":1,"102":1,"109":1,"110":1,"113":1,"120":1,"121":1,"122":1,"123":1,"124":1,"125":1,"128":1,"133":2,"134":2,"137":1,"144":2,"145":2,"148":1,"155":2,"156":2,"159":1,"166":2,"167":2,"170":1,"177":1,"178":1,"182":1,"183":1}},"/home/travis/build/npmtest/node-npmtest-check-types/lib.npmtest_check_types.js":{"path":"/home/travis/build/npmtest/node-npmtest-check-types/lib.npmtest_check_types.js","s":{"1":2,"2":2,"3":2,"4":2,"5":2,"6":2,"7":2,"8":1,"9":2,"10":2,"11":2,"12":2,"13":1,"14":1,"15":1,"16":1},"b":{"1":[2,1,1,1],"2":[1,1,1,1],"3":[1,1],"4":[2,2],"5":[1,1]},"f":{"1":2,"2":2,"3":2},"fnMap":{"1":{"name":"(anonymous_1)","line":12,"loc":{"start":{"line":12,"column":1},"end":{"line":12,"column":13}}},"2":{"name":"(anonymous_2)","line":19,"loc":{"start":{"line":19,"column":5},"end":{"line":19,"column":17}}},"3":{"name":"(anonymous_3)","line":23,"loc":{"start":{"line":23,"column":24},"end":{"line":23,"column":36}}}},"statementMap":{"1":{"start":{"line":12,"column":0},"end":{"line":53,"column":5}},"2":{"start":{"line":14,"column":4},"end":{"line":14,"column":14}},"3":{"start":{"line":19,"column":4},"end":{"line":52,"column":9}},"4":{"start":{"line":21,"column":8},"end":{"line":21,"column":19}},"5":{"start":{"line":23,"column":8},"end":{"line":35,"column":13}},"6":{"start":{"line":24,"column":12},"end":{"line":34,"column":13}},"7":{"start":{"line":25,"column":16},"end":{"line":28,"column":30}},"8":{"start":{"line":30,"column":16},"end":{"line":33,"column":27}},"9":{"start":{"line":37,"column":8},"end":{"line":39,"column":21}},"10":{"start":{"line":41,"column":8},"end":{"line":41,"column":54}},"11":{"start":{"line":43,"column":8},"end":{"line":43,"column":56}},"12":{"start":{"line":45,"column":8},"end":{"line":51,"column":9}},"13":{"start":{"line":46,"column":12},"end":{"line":46,"column":62}},"14":{"start":{"line":48,"column":12},"end":{"line":48,"column":35}},"15":{"start":{"line":49,"column":12},"end":{"line":49,"column":49}},"16":{"start":{"line":50,"column":12},"end":{"line":50,"column":43}}},"branchMap":{"1":{"line":25,"type":"binary-expr","locations":[{"start":{"line":25,"column":23},"end":{"line":25,"column":62}},{"start":{"line":26,"column":20},"end":{"line":26,"column":70}},{"start":{"line":27,"column":20},"end":{"line":27,"column":71}},{"start":{"line":28,"column":20},"end":{"line":28,"column":29}}]},"2":{"line":30,"type":"binary-expr","locations":[{"start":{"line":30,"column":23},"end":{"line":30,"column":37}},{"start":{"line":31,"column":20},"end":{"line":31,"column":61}},{"start":{"line":32,"column":20},"end":{"line":32,"column":70}},{"start":{"line":33,"column":20},"end":{"line":33,"column":26}}]},"3":{"line":37,"type":"cond-expr","locations":[{"start":{"line":38,"column":14},"end":{"line":38,"column":20}},{"start":{"line":39,"column":14},"end":{"line":39,"column":20}}]},"4":{"line":41,"type":"binary-expr","locations":[{"start":{"line":41,"column":16},"end":{"line":41,"column":44}},{"start":{"line":41,"column":48},"end":{"line":41,"column":53}}]},"5":{"line":45,"type":"if","locations":[{"start":{"line":45,"column":8},"end":{"line":45,"column":8}},{"start":{"line":45,"column":8},"end":{"line":45,"column":8}}]}},"code":["/* istanbul instrument in package npmtest_check_types */","/*jslint","    bitwise: true,","    browser: true,","    maxerr: 8,","    maxlen: 96,","    node: true,","    nomen: true,","    regexp: true,","    stupid: true","*/","(function () {","    'use strict';","    var local;","","","","    // run shared js-env code - pre-init","    (function () {","        // init local","        local = {};","        // init modeJs","        local.modeJs = (function () {","            try {","                return typeof navigator.userAgent === 'string' &&","                    typeof document.querySelector('body') === 'object' &&","                    typeof XMLHttpRequest.prototype.open === 'function' &&","                    'browser';","            } catch (errorCaughtBrowser) {","                return module.exports &&","                    typeof process.versions.node === 'string' &&","                    typeof require('http').createServer === 'function' &&","                    'node';","            }","        }());","        // init global","        local.global = local.modeJs === 'browser'","            ? window","            : global;","        // init utility2_rollup","        local = local.global.utility2_rollup || local;","        // init lib","        local.local = local.npmtest_check_types = local;","        // init exports","        if (local.modeJs === 'browser') {","            local.global.utility2_npmtest_check_types = local;","        } else {","            module.exports = local;","            module.exports.__dirname = __dirname;","            module.exports.module = module;","        }","    }());","}());",""],"l":{"12":2,"14":2,"19":2,"21":2,"23":2,"24":2,"25":2,"30":1,"37":2,"41":2,"43":2,"45":2,"46":1,"48":1,"49":1,"50":1}},"/home/travis/build/npmtest/node-npmtest-check-types/example.js":{"path":"/home/travis/build/npmtest/node-npmtest-check-types/example.js","s":{"1":2,"2":2,"3":2,"4":2,"5":2,"6":2,"7":2,"8":1,"9":2,"10":2,"11":2,"12":2,"13":1,"14":2,"15":2,"16":2,"17":2,"18":2,"19":0,"20":2,"21":1,"22":1,"23":1,"24":1,"25":1,"26":0,"27":0,"28":1,"29":1,"30":2,"31":0,"32":0,"33":0,"34":1,"35":2,"36":2,"37":2,"38":2,"39":2,"40":2,"41":0,"42":2,"43":2,"44":2,"45":1,"46":3,"47":1,"48":1,"49":1,"50":1,"51":1,"52":1,"53":1,"54":1,"55":1,"56":1,"57":0,"58":1,"59":6,"60":6,"61":1,"62":2,"63":0,"64":2,"65":1,"66":1,"67":0,"68":0,"69":0,"70":0,"71":0,"72":0,"73":0,"74":0,"75":0,"76":0,"77":0,"78":0,"79":0,"80":0,"81":0,"82":0,"83":0},"b":{"1":[2,1,1,1],"2":[1,1,1,1],"3":[1,1],"4":[2,2],"5":[1,1],"6":[1,1],"7":[2,0],"8":[2,1,1,1,1,1],"9":[0,2,0],"10":[1,1],"11":[2,1,1],"12":[1,0],"13":[0,2],"14":[2,0,0,0,0,0,0],"15":[0,2],"16":[2,0],"17":[1,1],"18":[0,1],"19":[1,2,0,2],"20":[1,0],"21":[1,1],"22":[0,0],"23":[0,0],"24":[0,0],"25":[0,0],"26":[0,0],"27":[0,0],"28":[0,0]},"f":{"1":2,"2":2,"3":2,"4":2,"5":2,"6":2,"7":2,"8":2,"9":3,"10":1,"11":6,"12":0},"fnMap":{"1":{"name":"(anonymous_1)","line":26,"loc":{"start":{"line":26,"column":1},"end":{"line":26,"column":13}}},"2":{"name":"(anonymous_2)","line":33,"loc":{"start":{"line":33,"column":5},"end":{"line":33,"column":17}}},"3":{"name":"(anonymous_3)","line":37,"loc":{"start":{"line":37,"column":24},"end":{"line":37,"column":36}}},"4":{"name":"(anonymous_4)","line":69,"loc":{"start":{"line":69,"column":31},"end":{"line":69,"column":48}},"skip":true},"5":{"name":"(anonymous_5)","line":78,"loc":{"start":{"line":78,"column":26},"end":{"line":78,"column":45}},"skip":true},"6":{"name":"(anonymous_6)","line":123,"loc":{"start":{"line":123,"column":33},"end":{"line":123,"column":48}},"skip":true},"7":{"name":"(anonymous_7)","line":125,"loc":{"start":{"line":125,"column":27},"end":{"line":125,"column":39}},"skip":true},"8":{"name":"(anonymous_8)","line":133,"loc":{"start":{"line":133,"column":59},"end":{"line":133,"column":74}},"skip":true},"9":{"name":"(anonymous_9)","line":143,"loc":{"start":{"line":143,"column":45},"end":{"line":143,"column":62}},"skip":true},"10":{"name":"(anonymous_10)","line":144,"loc":{"start":{"line":144,"column":73},"end":{"line":144,"column":92}},"skip":true},"11":{"name":"(anonymous_11)","line":272,"loc":{"start":{"line":272,"column":51},"end":{"line":272,"column":77}},"skip":true},"12":{"name":"(anonymous_12)","line":314,"loc":{"start":{"line":314,"column":32},"end":{"line":314,"column":61}},"skip":true}},"statementMap":{"1":{"start":{"line":26,"column":0},"end":{"line":325,"column":5}},"2":{"start":{"line":28,"column":4},"end":{"line":28,"column":14}},"3":{"start":{"line":33,"column":4},"end":{"line":60,"column":9}},"4":{"start":{"line":35,"column":8},"end":{"line":35,"column":19}},"5":{"start":{"line":37,"column":8},"end":{"line":49,"column":13}},"6":{"start":{"line":38,"column":12},"end":{"line":48,"column":13}},"7":{"start":{"line":39,"column":16},"end":{"line":42,"column":30}},"8":{"start":{"line":44,"column":16},"end":{"line":47,"column":27}},"9":{"start":{"line":51,"column":8},"end":{"line":53,"column":21}},"10":{"start":{"line":55,"column":8},"end":{"line":57,"column":45}},"11":{"start":{"line":59,"column":8},"end":{"line":59,"column":35}},"12":{"start":{"line":61,"column":4},"end":{"line":324,"column":5}},"13":{"start":{"line":69,"column":8},"end":{"line":121,"column":10},"skip":true},"14":{"start":{"line":70,"column":12},"end":{"line":88,"column":13},"skip":true},"15":{"start":{"line":76,"column":16},"end":{"line":87,"column":19},"skip":true},"16":{"start":{"line":79,"column":20},"end":{"line":86,"column":21},"skip":true},"17":{"start":{"line":82,"column":24},"end":{"line":82,"column":43},"skip":true},"18":{"start":{"line":83,"column":24},"end":{"line":83,"column":30},"skip":true},"19":{"start":{"line":85,"column":24},"end":{"line":85,"column":49},"skip":true},"20":{"start":{"line":89,"column":12},"end":{"line":107,"column":13},"skip":true},"21":{"start":{"line":92,"column":16},"end":{"line":102,"column":17},"skip":true},"22":{"start":{"line":93,"column":20},"end":{"line":93,"column":86},"skip":true},"23":{"start":{"line":94,"column":20},"end":{"line":95,"column":45},"skip":true},"24":{"start":{"line":96,"column":20},"end":{"line":96,"column":42},"skip":true},"25":{"start":{"line":97,"column":20},"end":{"line":97,"column":48},"skip":true},"26":{"start":{"line":100,"column":20},"end":{"line":100,"column":85},"skip":true},"27":{"start":{"line":101,"column":20},"end":{"line":101,"column":96},"skip":true},"28":{"start":{"line":103,"column":16},"end":{"line":103,"column":22},"skip":true},"29":{"start":{"line":106,"column":16},"end":{"line":106,"column":22},"skip":true},"30":{"start":{"line":108,"column":12},"end":{"line":120,"column":13},"skip":true},"31":{"start":{"line":114,"column":16},"end":{"line":119,"column":17},"skip":true},"32":{"start":{"line":116,"column":20},"end":{"line":116,"column":78},"skip":true},"33":{"start":{"line":118,"column":20},"end":{"line":118,"column":47},"skip":true},"34":{"start":{"line":123,"column":8},"end":{"line":141,"column":11},"skip":true},"35":{"start":{"line":124,"column":12},"end":{"line":124,"column":54},"skip":true},"36":{"start":{"line":125,"column":12},"end":{"line":140,"column":14},"skip":true},"37":{"start":{"line":126,"column":16},"end":{"line":126,"column":28},"skip":true},"38":{"start":{"line":127,"column":16},"end":{"line":127,"column":69},"skip":true},"39":{"start":{"line":128,"column":16},"end":{"line":128,"column":75},"skip":true},"40":{"start":{"line":129,"column":16},"end":{"line":131,"column":17},"skip":true},"41":{"start":{"line":130,"column":20},"end":{"line":130,"column":27},"skip":true},"42":{"start":{"line":133,"column":16},"end":{"line":137,"column":36},"skip":true},"43":{"start":{"line":134,"column":20},"end":{"line":136,"column":55},"skip":true},"44":{"start":{"line":139,"column":16},"end":{"line":139,"column":57},"skip":true},"45":{"start":{"line":143,"column":8},"end":{"line":147,"column":11},"skip":true},"46":{"start":{"line":144,"column":12},"end":{"line":146,"column":15},"skip":true},"47":{"start":{"line":145,"column":16},"end":{"line":145,"column":70},"skip":true},"48":{"start":{"line":149,"column":8},"end":{"line":149,"column":31},"skip":true},"49":{"start":{"line":150,"column":8},"end":{"line":150,"column":14},"skip":true},"50":{"start":{"line":158,"column":8},"end":{"line":158,"column":31},"skip":true},"51":{"start":{"line":160,"column":8},"end":{"line":160,"column":33},"skip":true},"52":{"start":{"line":161,"column":8},"end":{"line":161,"column":37},"skip":true},"53":{"start":{"line":162,"column":8},"end":{"line":162,"column":35},"skip":true},"54":{"start":{"line":164,"column":8},"end":{"line":164,"column":50},"skip":true},"55":{"start":{"line":166,"column":8},"end":{"line":256,"column":2},"skip":true},"56":{"start":{"line":258,"column":8},"end":{"line":286,"column":9},"skip":true},"57":{"start":{"line":259,"column":12},"end":{"line":269,"column":14},"skip":true},"58":{"start":{"line":271,"column":12},"end":{"line":285,"column":19},"skip":true},"59":{"start":{"line":274,"column":20},"end":{"line":274,"column":35},"skip":true},"60":{"start":{"line":275,"column":20},"end":{"line":284,"column":21},"skip":true},"61":{"start":{"line":277,"column":24},"end":{"line":277,"column":64},"skip":true},"62":{"start":{"line":279,"column":24},"end":{"line":279,"column":40},"skip":true},"63":{"start":{"line":281,"column":24},"end":{"line":281,"column":40},"skip":true},"64":{"start":{"line":283,"column":24},"end":{"line":283,"column":39},"skip":true},"65":{"start":{"line":288,"column":8},"end":{"line":290,"column":9},"skip":true},"66":{"start":{"line":289,"column":12},"end":{"line":289,"column":18},"skip":true},"67":{"start":{"line":291,"column":8},"end":{"line":293,"column":54},"skip":true},"68":{"start":{"line":294,"column":8},"end":{"line":301,"column":37},"skip":true},"69":{"start":{"line":302,"column":8},"end":{"line":302,"column":82},"skip":true},"70":{"start":{"line":305,"column":8},"end":{"line":307,"column":9},"skip":true},"71":{"start":{"line":306,"column":12},"end":{"line":306,"column":82},"skip":true},"72":{"start":{"line":309,"column":8},"end":{"line":311,"column":9},"skip":true},"73":{"start":{"line":310,"column":12},"end":{"line":310,"column":18},"skip":true},"74":{"start":{"line":312,"column":8},"end":{"line":312,"column":54},"skip":true},"75":{"start":{"line":313,"column":8},"end":{"line":313,"column":69},"skip":true},"76":{"start":{"line":314,"column":8},"end":{"line":322,"column":36},"skip":true},"77":{"start":{"line":315,"column":12},"end":{"line":315,"column":61},"skip":true},"78":{"start":{"line":316,"column":12},"end":{"line":319,"column":13},"skip":true},"79":{"start":{"line":317,"column":16},"end":{"line":317,"column":75},"skip":true},"80":{"start":{"line":318,"column":16},"end":{"line":318,"column":23},"skip":true},"81":{"start":{"line":320,"column":12},"end":{"line":320,"column":38},"skip":true},"82":{"start":{"line":321,"column":12},"end":{"line":321,"column":27},"skip":true},"83":{"start":{"line":323,"column":8},"end":{"line":323,"column":14},"skip":true}},"branchMap":{"1":{"line":39,"type":"binary-expr","locations":[{"start":{"line":39,"column":23},"end":{"line":39,"column":62}},{"start":{"line":40,"column":20},"end":{"line":40,"column":70}},{"start":{"line":41,"column":20},"end":{"line":41,"column":71}},{"start":{"line":42,"column":20},"end":{"line":42,"column":29}}]},"2":{"line":44,"type":"binary-expr","locations":[{"start":{"line":44,"column":23},"end":{"line":44,"column":37}},{"start":{"line":45,"column":20},"end":{"line":45,"column":61}},{"start":{"line":46,"column":20},"end":{"line":46,"column":70}},{"start":{"line":47,"column":20},"end":{"line":47,"column":26}}]},"3":{"line":51,"type":"cond-expr","locations":[{"start":{"line":52,"column":14},"end":{"line":52,"column":20}},{"start":{"line":53,"column":14},"end":{"line":53,"column":20}}]},"4":{"line":55,"type":"binary-expr","locations":[{"start":{"line":55,"column":16},"end":{"line":55,"column":44}},{"start":{"line":55,"column":49},"end":{"line":57,"column":43}}]},"5":{"line":55,"type":"cond-expr","locations":[{"start":{"line":56,"column":14},"end":{"line":56,"column":55}},{"start":{"line":57,"column":14},"end":{"line":57,"column":43}}]},"6":{"line":61,"type":"switch","locations":[{"start":{"line":68,"column":4},"end":{"line":150,"column":14},"skip":true},{"start":{"line":156,"column":4},"end":{"line":323,"column":14},"skip":true}]},"7":{"line":70,"type":"if","locations":[{"start":{"line":70,"column":12},"end":{"line":70,"column":12},"skip":true},{"start":{"line":70,"column":12},"end":{"line":70,"column":12},"skip":true}]},"8":{"line":70,"type":"binary-expr","locations":[{"start":{"line":70,"column":16},"end":{"line":70,"column":22},"skip":true},{"start":{"line":70,"column":27},"end":{"line":70,"column":32},"skip":true},{"start":{"line":71,"column":20},"end":{"line":71,"column":39},"skip":true},{"start":{"line":72,"column":20},"end":{"line":72,"column":49},"skip":true},{"start":{"line":73,"column":20},"end":{"line":73,"column":58},"skip":true},{"start":{"line":74,"column":20},"end":{"line":74,"column":69},"skip":true}]},"9":{"line":79,"type":"switch","locations":[{"start":{"line":80,"column":20},"end":{"line":80,"column":33},"skip":true},{"start":{"line":81,"column":20},"end":{"line":83,"column":30},"skip":true},{"start":{"line":84,"column":20},"end":{"line":85,"column":49},"skip":true}]},"10":{"line":89,"type":"switch","locations":[{"start":{"line":90,"column":12},"end":{"line":103,"column":22},"skip":true},{"start":{"line":105,"column":12},"end":{"line":106,"column":22},"skip":true}]},"11":{"line":89,"type":"binary-expr","locations":[{"start":{"line":89,"column":20},"end":{"line":89,"column":25},"skip":true},{"start":{"line":89,"column":29},"end":{"line":89,"column":48},"skip":true},{"start":{"line":89,"column":52},"end":{"line":89,"column":74},"skip":true}]},"12":{"line":92,"type":"if","locations":[{"start":{"line":92,"column":16},"end":{"line":92,"column":16},"skip":true},{"start":{"line":92,"column":16},"end":{"line":92,"column":16},"skip":true}]},"13":{"line":108,"type":"if","locations":[{"start":{"line":108,"column":12},"end":{"line":108,"column":12},"skip":true},{"start":{"line":108,"column":12},"end":{"line":108,"column":12},"skip":true}]},"14":{"line":108,"type":"binary-expr","locations":[{"start":{"line":108,"column":16},"end":{"line":108,"column":61},"skip":true},{"start":{"line":108,"column":66},"end":{"line":108,"column":72},"skip":true},{"start":{"line":108,"column":77},"end":{"line":108,"column":82},"skip":true},{"start":{"line":109,"column":20},"end":{"line":109,"column":39},"skip":true},{"start":{"line":110,"column":20},"end":{"line":110,"column":49},"skip":true},{"start":{"line":111,"column":20},"end":{"line":111,"column":58},"skip":true},{"start":{"line":112,"column":20},"end":{"line":112,"column":68},"skip":true}]},"15":{"line":129,"type":"if","locations":[{"start":{"line":129,"column":16},"end":{"line":129,"column":16},"skip":true},{"start":{"line":129,"column":16},"end":{"line":129,"column":16},"skip":true}]},"16":{"line":134,"type":"cond-expr","locations":[{"start":{"line":135,"column":26},"end":{"line":135,"column":29},"skip":true},{"start":{"line":136,"column":26},"end":{"line":136,"column":54},"skip":true}]},"17":{"line":164,"type":"binary-expr","locations":[{"start":{"line":164,"column":27},"end":{"line":164,"column":43},"skip":true},{"start":{"line":164,"column":47},"end":{"line":164,"column":49},"skip":true}]},"18":{"line":258,"type":"if","locations":[{"start":{"line":258,"column":8},"end":{"line":258,"column":8},"skip":true},{"start":{"line":258,"column":8},"end":{"line":258,"column":8},"skip":true}]},"19":{"line":275,"type":"switch","locations":[{"start":{"line":276,"column":20},"end":{"line":277,"column":64},"skip":true},{"start":{"line":278,"column":20},"end":{"line":279,"column":40},"skip":true},{"start":{"line":280,"column":20},"end":{"line":281,"column":40},"skip":true},{"start":{"line":282,"column":20},"end":{"line":283,"column":39},"skip":true}]},"20":{"line":288,"type":"if","locations":[{"start":{"line":288,"column":8},"end":{"line":288,"column":8},"skip":true},{"start":{"line":288,"column":8},"end":{"line":288,"column":8},"skip":true}]},"21":{"line":288,"type":"binary-expr","locations":[{"start":{"line":288,"column":12},"end":{"line":288,"column":40},"skip":true},{"start":{"line":288,"column":44},"end":{"line":288,"column":67},"skip":true}]},"22":{"line":292,"type":"binary-expr","locations":[{"start":{"line":292,"column":12},"end":{"line":292,"column":50},"skip":true},{"start":{"line":293,"column":12},"end":{"line":293,"column":53},"skip":true}]},"23":{"line":295,"type":"binary-expr","locations":[{"start":{"line":295,"column":12},"end":{"line":295,"column":69},"skip":true},{"start":{"line":296,"column":12},"end":{"line":301,"column":36},"skip":true}]},"24":{"line":302,"type":"binary-expr","locations":[{"start":{"line":302,"column":43},"end":{"line":302,"column":75},"skip":true},{"start":{"line":302,"column":79},"end":{"line":302,"column":81},"skip":true}]},"25":{"line":305,"type":"if","locations":[{"start":{"line":305,"column":8},"end":{"line":305,"column":8},"skip":true},{"start":{"line":305,"column":8},"end":{"line":305,"column":8},"skip":true}]},"26":{"line":309,"type":"if","locations":[{"start":{"line":309,"column":8},"end":{"line":309,"column":8},"skip":true},{"start":{"line":309,"column":8},"end":{"line":309,"column":8},"skip":true}]},"27":{"line":312,"type":"binary-expr","locations":[{"start":{"line":312,"column":27},"end":{"line":312,"column":43},"skip":true},{"start":{"line":312,"column":47},"end":{"line":312,"column":53},"skip":true}]},"28":{"line":316,"type":"if","locations":[{"start":{"line":316,"column":12},"end":{"line":316,"column":12},"skip":true},{"start":{"line":316,"column":12},"end":{"line":316,"column":12},"skip":true}]}},"code":["/*","example.js","","quickstart example","","instruction","    1. save this script as example.js","    2. run the shell command:","        $ npm install npmtest-check-types && PORT=8081 node example.js","    3. play with the browser-demo on http://127.0.0.1:8081","*/","","","","/* istanbul instrument in package npmtest_check_types */","/*jslint","    bitwise: true,","    browser: true,","    maxerr: 8,","    maxlen: 96,","    node: true,","    nomen: true,","    regexp: true,","    stupid: true","*/","(function () {","    'use strict';","    var local;","","","","    // run shared js-env code - pre-init","    (function () {","        // init local","        local = {};","        // init modeJs","        local.modeJs = (function () {","            try {","                return typeof navigator.userAgent === 'string' &&","                    typeof document.querySelector('body') === 'object' &&","                    typeof XMLHttpRequest.prototype.open === 'function' &&","                    'browser';","            } catch (errorCaughtBrowser) {","                return module.exports &&","                    typeof process.versions.node === 'string' &&","                    typeof require('http').createServer === 'function' &&","                    'node';","            }","        }());","        // init global","        local.global = local.modeJs === 'browser'","            ? window","            : global;","        // init utility2_rollup","        local = local.global.utility2_rollup || (local.modeJs === 'browser'","            ? local.global.utility2_npmtest_check_types","            : global.utility2_moduleExports);","        // export local","        local.global.local = local;","    }());","    switch (local.modeJs) {","","","","    // post-init","    // run browser js-env code - post-init","    /* istanbul ignore next */","    case 'browser':","        local.testRunBrowser = function (event) {","            if (!event || (event &&","                    event.currentTarget &&","                    event.currentTarget.className &&","                    event.currentTarget.className.includes &&","                    event.currentTarget.className.includes('onreset'))) {","                // reset output","                Array.from(","                    document.querySelectorAll('body > .resettable')","                ).forEach(function (element) {","                    switch (element.tagName) {","                    case 'INPUT':","                    case 'TEXTAREA':","                        element.value = '';","                        break;","                    default:","                        element.textContent = '';","                    }","                });","            }","            switch (event && event.currentTarget && event.currentTarget.id) {","            case 'testRunButton1':","                // show tests","                if (document.querySelector('#testReportDiv1').style.display === 'none') {","                    document.querySelector('#testReportDiv1').style.display = 'block';","                    document.querySelector('#testRunButton1').textContent =","                        'hide internal test';","                    local.modeTest = true;","                    local.testRunDefault(local);","                // hide tests","                } else {","                    document.querySelector('#testReportDiv1').style.display = 'none';","                    document.querySelector('#testRunButton1').textContent = 'run internal test';","                }","                break;","            // custom-case","            default:","                break;","            }","            if (document.querySelector('#inputTextareaEval1') && (!event || (event &&","                    event.currentTarget &&","                    event.currentTarget.className &&","                    event.currentTarget.className.includes &&","                    event.currentTarget.className.includes('oneval')))) {","                // try to eval input-code","                try {","                    /*jslint evil: true*/","                    eval(document.querySelector('#inputTextareaEval1').value);","                } catch (errorCaught) {","                    console.error(errorCaught);","                }","            }","        };","        // log stderr and stdout to #outputTextareaStdout1","        ['error', 'log'].forEach(function (key) {","            console[key + '_original'] = console[key];","            console[key] = function () {","                var element;","                console[key + '_original'].apply(console, arguments);","                element = document.querySelector('#outputTextareaStdout1');","                if (!element) {","                    return;","                }","                // append text to #outputTextareaStdout1","                element.value += Array.from(arguments).map(function (arg) {","                    return typeof arg === 'string'","                        ? arg","                        : JSON.stringify(arg, null, 4);","                }).join(' ') + '\\n';","                // scroll textarea to bottom","                element.scrollTop = element.scrollHeight;","            };","        });","        // init event-handling","        ['change', 'click', 'keyup'].forEach(function (event) {","            Array.from(document.querySelectorAll('.on' + event)).forEach(function (element) {","                element.addEventListener(event, local.testRunBrowser);","            });","        });","        // run tests","        local.testRunBrowser();","        break;","","","","    // run node js-env code - post-init","    /* istanbul ignore next */","    case 'node':","        // export local","        module.exports = local;","        // require modules","        local.fs = require('fs');","        local.http = require('http');","        local.url = require('url');","        // init assets","        local.assetsDict = local.assetsDict || {};","        /* jslint-ignore-begin */","        local.assetsDict['/assets.index.template.html'] = '\\","<!doctype html>\\n\\","<html lang=\"en\">\\n\\","<head>\\n\\","<meta charset=\"UTF-8\">\\n\\","<meta name=\"viewport\" content=\"width=device-width, initial-scale=1\">\\n\\","<title>{{env.npm_package_name}} (v{{env.npm_package_version}})</title>\\n\\","<style>\\n\\","/*csslint\\n\\","    box-sizing: false,\\n\\","    universal-selector: false\\n\\","*/\\n\\","* {\\n\\","    box-sizing: border-box;\\n\\","}\\n\\","body {\\n\\","    background: #dde;\\n\\","    font-family: Arial, Helvetica, sans-serif;\\n\\","    margin: 2rem;\\n\\","}\\n\\","body > * {\\n\\","    margin-bottom: 1rem;\\n\\","}\\n\\",".utility2FooterDiv {\\n\\","    margin-top: 20px;\\n\\","    text-align: center;\\n\\","}\\n\\","</style>\\n\\","<style>\\n\\","/*csslint\\n\\","*/\\n\\","textarea {\\n\\","    font-family: monospace;\\n\\","    height: 10rem;\\n\\","    width: 100%;\\n\\","}\\n\\","textarea[readonly] {\\n\\","    background: #ddd;\\n\\","}\\n\\","</style>\\n\\","</head>\\n\\","<body>\\n\\","<!-- utility2-comment\\n\\","<div id=\"ajaxProgressDiv1\" style=\"background: #d00; height: 2px; left: 0; margin: 0; padding: 0; position: fixed; top: 0; transition: background 0.5s, width 1.5s; width: 25%;\"></div>\\n\\","utility2-comment -->\\n\\","<h1>\\n\\","<!-- utility2-comment\\n\\","    <a\\n\\","        {{#if env.npm_package_homepage}}\\n\\","        href=\"{{env.npm_package_homepage}}\"\\n\\","        {{/if env.npm_package_homepage}}\\n\\","        target=\"_blank\"\\n\\","    >\\n\\","utility2-comment -->\\n\\","        {{env.npm_package_name}} (v{{env.npm_package_version}})\\n\\","<!-- utility2-comment\\n\\","    </a>\\n\\","utility2-comment -->\\n\\","</h1>\\n\\","<h3>{{env.npm_package_description}}</h3>\\n\\","<!-- utility2-comment\\n\\","<h4><a download href=\"assets.app.js\">download standalone app</a></h4>\\n\\","<button class=\"onclick onreset\" id=\"testRunButton1\">run internal test</button><br>\\n\\","<div id=\"testReportDiv1\" style=\"display: none;\"></div>\\n\\","utility2-comment -->\\n\\","\\n\\","\\n\\","\\n\\","<label>stderr and stdout</label>\\n\\","<textarea class=\"resettable\" id=\"outputTextareaStdout1\" readonly></textarea>\\n\\","<!-- utility2-comment\\n\\","{{#if isRollup}}\\n\\","<script src=\"assets.app.js\"></script>\\n\\","{{#unless isRollup}}\\n\\","utility2-comment -->\\n\\","<script src=\"assets.utility2.rollup.js\"></script>\\n\\","<script src=\"jsonp.utility2._stateInit?callback=window.utility2._stateInit\"></script>\\n\\","<script src=\"assets.npmtest_check_types.rollup.js\"></script>\\n\\","<script src=\"assets.example.js\"></script>\\n\\","<script src=\"assets.test.js\"></script>\\n\\","<!-- utility2-comment\\n\\","{{/if isRollup}}\\n\\","utility2-comment -->\\n\\","<div class=\"utility2FooterDiv\">\\n\\","    [ this app was created with\\n\\","    <a href=\"https://github.com/kaizhu256/node-utility2\" target=\"_blank\">utility2</a>\\n\\","    ]\\n\\","</div>\\n\\","</body>\\n\\","</html>\\n\\","';","        /* jslint-ignore-end */","        if (local.templateRender) {","            local.assetsDict['/'] = local.templateRender(","                local.assetsDict['/assets.index.template.html'],","                {","                    env: local.objectSetDefault(local.env, {","                        npm_package_description: 'the greatest app in the world!',","                        npm_package_name: 'my-app',","                        npm_package_nameAlias: 'my_app',","                        npm_package_version: '0.0.1'","                    })","                }","            );","        } else {","            local.assetsDict['/'] = local.assetsDict['/assets.index.template.html']","                .replace((/\\{\\{env\\.(\\w+?)\\}\\}/g), function (match0, match1) {","                    // jslint-hack","                    String(match0);","                    switch (match1) {","                    case 'npm_package_description':","                        return 'the greatest app in the world!';","                    case 'npm_package_name':","                        return 'my-app';","                    case 'npm_package_nameAlias':","                        return 'my_app';","                    case 'npm_package_version':","                        return '0.0.1';","                    }","                });","        }","        // run the cli","        if (local.global.utility2_rollup || module !== require.main) {","            break;","        }","        local.assetsDict['/assets.example.js'] =","            local.assetsDict['/assets.example.js'] ||","            local.fs.readFileSync(__filename, 'utf8');","        local.assetsDict['/assets.npmtest_check_types.rollup.js'] =","            local.assetsDict['/assets.npmtest_check_types.rollup.js'] ||","            local.fs.readFileSync(","                // buildCustomOrg-hack","                local.npmtest_check_types.__dirname +","                    '/lib.npmtest_check_types.js',","                'utf8'","            ).replace((/^#!/), '//');","        local.assetsDict['/favicon.ico'] = local.assetsDict['/favicon.ico'] || '';","        // if $npm_config_timeout_exit exists,","        // then exit this process after $npm_config_timeout_exit ms","        if (Number(process.env.npm_config_timeout_exit)) {","            setTimeout(process.exit, Number(process.env.npm_config_timeout_exit));","        }","        // start server","        if (local.global.utility2_serverHttp1) {","            break;","        }","        process.env.PORT = process.env.PORT || '8081';","        console.error('server starting on port ' + process.env.PORT);","        local.http.createServer(function (request, response) {","            request.urlParsed = local.url.parse(request.url);","            if (local.assetsDict[request.urlParsed.pathname] !== undefined) {","                response.end(local.assetsDict[request.urlParsed.pathname]);","                return;","            }","            response.statusCode = 404;","            response.end();","        }).listen(process.env.PORT);","        break;","    }","}());",""],"l":{"26":2,"28":2,"33":2,"35":2,"37":2,"38":2,"39":2,"44":1,"51":2,"55":2,"59":2,"61":2,"69":1,"70":2,"76":2,"79":2,"82":2,"83":2,"85":1,"89":2,"92":1,"93":1,"94":1,"96":1,"97":1,"100":1,"101":1,"103":1,"106":1,"108":2,"114":1,"116":1,"118":1,"123":1,"124":2,"125":2,"126":2,"127":2,"128":2,"129":2,"130":1,"133":2,"134":2,"139":2,"143":1,"144":3,"145":1,"149":1,"150":1,"158":1,"160":1,"161":1,"162":1,"164":1,"166":1,"258":1,"259":1,"271":1,"274":6,"275":6,"277":1,"279":2,"281":1,"283":2,"288":1,"289":1,"291":1,"294":1,"302":1,"305":1,"306":1,"309":1,"310":1,"312":1,"313":1,"314":1,"315":1,"316":1,"317":1,"318":1,"320":1,"321":1,"323":1}},"/home/travis/build/npmtest/node-npmtest-check-types/node_modules/check-types/src/check-types.js":{"path":"/home/travis/build/npmtest/node-npmtest-check-types/node_modules/check-types/src/check-types.js","s":{"1":1,"2":1,"3":1,"4":1,"5":1,"6":1,"7":39,"8":39,"9":39,"10":1,"11":1,"12":1,"13":1,"14":1,"15":1,"16":1,"17":1,"18":1,"19":1,"20":1,"21":1,"22":1,"23":1,"24":1,"25":0,"26":1,"27":0,"28":1,"29":0,"30":1,"31":0,"32":1,"33":0,"34":1,"35":0,"36":1,"37":0,"38":1,"39":0,"40":1,"41":0,"42":1,"43":0,"44":1,"45":0,"46":1,"47":0,"48":1,"49":0,"50":0,"51":0,"52":1,"53":0,"54":1,"55":0,"56":1,"57":0,"58":0,"59":0,"60":1,"61":0,"62":1,"63":0,"64":1,"65":0,"66":1,"67":0,"68":1,"69":0,"70":1,"71":0,"72":1,"73":0,"74":1,"75":0,"76":1,"77":0,"78":1,"79":0,"80":1,"81":0,"82":1,"83":0,"84":0,"85":0,"86":1,"87":0,"88":0,"89":0,"90":1,"91":0,"92":0,"93":0,"94":0,"95":0,"96":0,"97":0,"98":0,"99":1,"100":0,"101":1,"102":0,"103":1,"104":0,"105":1,"106":0,"107":1,"108":0,"109":0,"110":0,"111":1,"112":0,"113":0,"114":0,"115":0,"116":0,"117":0,"118":0,"119":0,"120":0,"121":0,"122":0,"123":0,"124":0,"125":0,"126":0,"127":0,"128":1,"129":0,"130":1,"131":0,"132":0,"133":0,"134":1,"135":0,"136":1,"137":0,"138":0,"139":0,"140":0,"141":0,"142":0,"143":0,"144":0,"145":1,"146":0,"147":0,"148":0,"149":0,"150":0,"151":1,"152":0,"153":0,"154":0,"155":0,"156":1,"157":0,"158":0,"159":0,"160":0,"161":0,"162":0,"163":0,"164":0,"165":0,"166":0,"167":1,"168":0,"169":0,"170":0,"171":0,"172":1,"173":0,"174":0,"175":0,"176":0,"177":0,"178":1,"179":0,"180":0,"181":0,"182":0,"183":0,"184":0,"185":0,"186":0,"187":0,"188":1,"189":0,"190":0,"191":0,"192":0,"193":1,"194":2,"195":42,"196":2,"197":1,"198":585,"199":0,"200":1,"201":0,"202":0,"203":0,"204":0,"205":1,"206":0,"207":0,"208":1,"209":195,"210":0,"211":195,"212":195,"213":1,"214":0,"215":1,"216":39,"217":0,"218":0,"219":0,"220":39,"221":39,"222":39,"223":1,"224":0,"225":0,"226":0,"227":1,"228":312,"229":0,"230":0,"231":0,"232":0,"233":0,"234":0,"235":0,"236":0,"237":0,"238":0,"239":0,"240":0,"241":0,"242":0,"243":312,"244":312,"245":1,"246":0,"247":0,"248":0,"249":0,"250":0,"251":1,"252":3,"253":1,"254":29,"255":29,"256":29,"257":29,"258":29,"259":29,"260":1131,"261":29,"262":1,"263":18,"264":1,"265":4,"266":1,"267":2,"268":8,"269":1,"270":4,"271":4,"272":4,"273":1,"274":1,"275":0,"276":0,"277":1,"278":1,"279":0},"b":{"1":[39,14],"2":[0,0],"3":[0,0],"4":[0,0,0,0],"5":[0,0],"6":[0,0],"7":[0,0],"8":[0,0],"9":[0,0],"10":[0,0],"11":[0,0],"12":[0,0],"13":[0,0],"14":[0,0],"15":[0,0],"16":[0,0],"17":[0,0],"18":[0,0],"19":[0,0],"20":[0,0],"21":[0,0],"22":[0,0],"23":[0,0],"24":[0,0,0],"25":[0,0],"26":[0,0],"27":[0,0],"28":[0,0],"29":[0,0],"30":[0,0],"31":[0,0],"32":[0,0],"33":[0,0],"34":[0,0],"35":[0,0],"36":[0,0],"37":[0,0,0],"38":[0,0],"39":[0,0],"40":[0,0],"41":[0,0],"42":[0,0],"43":[0,0],"44":[0,0],"45":[0,0],"46":[0,0],"47":[0,0],"48":[0,0],"49":[0,0],"50":[0,0],"51":[0,0],"52":[0,0],"53":[0,0],"54":[0,0],"55":[0,0],"56":[0,0],"57":[0,0],"58":[0,0],"59":[0,0],"60":[0,0],"61":[0,0],"62":[0,0],"63":[0,0],"64":[0,0],"65":[0,0],"66":[0,0,0],"67":[0,0,0],"68":[29,26],"69":[0,1],"70":[1,0],"71":[1,0],"72":[1,1,1]},"f":{"1":1,"2":39,"3":0,"4":0,"5":0,"6":0,"7":0,"8":0,"9":0,"10":0,"11":0,"12":0,"13":0,"14":0,"15":0,"16":0,"17":0,"18":0,"19":0,"20":0,"21":0,"22":0,"23":0,"24":0,"25":0,"26":0,"27":0,"28":0,"29":0,"30":0,"31":0,"32":0,"33":0,"34":0,"35":0,"36":0,"37":0,"38":0,"39":0,"40":0,"41":0,"42":0,"43":0,"44":0,"45":0,"46":0,"47":0,"48":0,"49":0,"50":0,"51":0,"52":0,"53":0,"54":0,"55":2,"56":42,"57":585,"58":0,"59":0,"60":0,"61":195,"62":0,"63":0,"64":39,"65":0,"66":0,"67":312,"68":0,"69":0,"70":0,"71":0,"72":3,"73":29,"74":1131,"75":18,"76":4,"77":2,"78":8,"79":4,"80":1,"81":0},"fnMap":{"1":{"name":"(anonymous_1)","line":4,"loc":{"start":{"line":4,"column":1},"end":{"line":4,"column":20}}},"2":{"name":"(anonymous_2)","line":68,"loc":{"start":{"line":68,"column":8},"end":{"line":68,"column":24}}},"3":{"name":"equal","line":108,"loc":{"start":{"line":108,"column":2},"end":{"line":108,"column":28}}},"4":{"name":"isUndefined","line":117,"loc":{"start":{"line":117,"column":2},"end":{"line":117,"column":30}}},"5":{"name":"isNull","line":126,"loc":{"start":{"line":126,"column":2},"end":{"line":126,"column":25}}},"6":{"name":"assigned","line":135,"loc":{"start":{"line":135,"column":2},"end":{"line":135,"column":27}}},"7":{"name":"zero","line":144,"loc":{"start":{"line":144,"column":2},"end":{"line":144,"column":23}}},"8":{"name":"infinity","line":153,"loc":{"start":{"line":153,"column":2},"end":{"line":153,"column":27}}},"9":{"name":"number","line":162,"loc":{"start":{"line":162,"column":2},"end":{"line":162,"column":25}}},"10":{"name":"integer","line":174,"loc":{"start":{"line":174,"column":2},"end":{"line":174,"column":26}}},"11":{"name":"even","line":183,"loc":{"start":{"line":183,"column":2},"end":{"line":183,"column":23}}},"12":{"name":"odd","line":192,"loc":{"start":{"line":192,"column":2},"end":{"line":192,"column":22}}},"13":{"name":"greater","line":201,"loc":{"start":{"line":201,"column":2},"end":{"line":201,"column":30}}},"14":{"name":"less","line":210,"loc":{"start":{"line":210,"column":2},"end":{"line":210,"column":27}}},"15":{"name":"between","line":219,"loc":{"start":{"line":219,"column":2},"end":{"line":219,"column":32}}},"16":{"name":"greaterOrEqual","line":233,"loc":{"start":{"line":233,"column":2},"end":{"line":233,"column":37}}},"17":{"name":"lessOrEqual","line":243,"loc":{"start":{"line":243,"column":2},"end":{"line":243,"column":34}}},"18":{"name":"inRange","line":252,"loc":{"start":{"line":252,"column":2},"end":{"line":252,"column":32}}},"19":{"name":"positive","line":265,"loc":{"start":{"line":265,"column":2},"end":{"line":265,"column":27}}},"20":{"name":"negative","line":274,"loc":{"start":{"line":274,"column":2},"end":{"line":274,"column":27}}},"21":{"name":"string","line":283,"loc":{"start":{"line":283,"column":2},"end":{"line":283,"column":25}}},"22":{"name":"emptyString","line":292,"loc":{"start":{"line":292,"column":2},"end":{"line":292,"column":30}}},"23":{"name":"nonEmptyString","line":301,"loc":{"start":{"line":301,"column":2},"end":{"line":301,"column":33}}},"24":{"name":"contains","line":311,"loc":{"start":{"line":311,"column":2},"end":{"line":311,"column":38}}},"25":{"name":"match","line":320,"loc":{"start":{"line":320,"column":2},"end":{"line":320,"column":31}}},"26":{"name":"boolean","line":329,"loc":{"start":{"line":329,"column":2},"end":{"line":329,"column":26}}},"27":{"name":"object","line":338,"loc":{"start":{"line":338,"column":2},"end":{"line":338,"column":25}}},"28":{"name":"emptyObject","line":347,"loc":{"start":{"line":347,"column":2},"end":{"line":347,"column":30}}},"29":{"name":"nonEmptyObject","line":356,"loc":{"start":{"line":356,"column":2},"end":{"line":356,"column":33}}},"30":{"name":"instanceStrict","line":365,"loc":{"start":{"line":365,"column":2},"end":{"line":365,"column":44}}},"31":{"name":"instance","line":380,"loc":{"start":{"line":380,"column":2},"end":{"line":380,"column":38}}},"32":{"name":"like","line":396,"loc":{"start":{"line":396,"column":2},"end":{"line":396,"column":34}}},"33":{"name":"array","line":419,"loc":{"start":{"line":419,"column":2},"end":{"line":419,"column":24}}},"34":{"name":"emptyArray","line":428,"loc":{"start":{"line":428,"column":2},"end":{"line":428,"column":29}}},"35":{"name":"nonEmptyArray","line":437,"loc":{"start":{"line":437,"column":2},"end":{"line":437,"column":32}}},"36":{"name":"arrayLike","line":446,"loc":{"start":{"line":446,"column":2},"end":{"line":446,"column":28}}},"37":{"name":"iterable","line":455,"loc":{"start":{"line":455,"column":2},"end":{"line":455,"column":27}}},"38":{"name":"includes","line":469,"loc":{"start":{"line":469,"column":2},"end":{"line":469,"column":34}}},"39":{"name":"(anonymous_39)","line":491,"loc":{"start":{"line":491,"column":32},"end":{"line":491,"column":47}}},"40":{"name":"hasLength","line":509,"loc":{"start":{"line":509,"column":2},"end":{"line":509,"column":36}}},"41":{"name":"date","line":518,"loc":{"start":{"line":518,"column":2},"end":{"line":518,"column":23}}},"42":{"name":"isFunction","line":531,"loc":{"start":{"line":531,"column":2},"end":{"line":531,"column":29}}},"43":{"name":"apply","line":543,"loc":{"start":{"line":543,"column":2},"end":{"line":543,"column":36}}},"44":{"name":"(anonymous_44)","line":547,"loc":{"start":{"line":547,"column":22},"end":{"line":547,"column":39}}},"45":{"name":"(anonymous_45)","line":555,"loc":{"start":{"line":555,"column":20},"end":{"line":555,"column":44}}},"46":{"name":"map","line":569,"loc":{"start":{"line":569,"column":2},"end":{"line":569,"column":34}}},"47":{"name":"mapSimple","line":581,"loc":{"start":{"line":581,"column":2},"end":{"line":581,"column":39}}},"48":{"name":"(anonymous_48)","line":584,"loc":{"start":{"line":584,"column":30},"end":{"line":584,"column":45}}},"49":{"name":"mapComplex","line":591,"loc":{"start":{"line":591,"column":2},"end":{"line":591,"column":41}}},"50":{"name":"(anonymous_50)","line":594,"loc":{"start":{"line":594,"column":36},"end":{"line":594,"column":51}}},"51":{"name":"all","line":619,"loc":{"start":{"line":619,"column":2},"end":{"line":619,"column":22}}},"52":{"name":"testArray","line":629,"loc":{"start":{"line":629,"column":2},"end":{"line":629,"column":36}}},"53":{"name":"testObject","line":641,"loc":{"start":{"line":641,"column":2},"end":{"line":641,"column":37}}},"54":{"name":"any","line":669,"loc":{"start":{"line":669,"column":2},"end":{"line":669,"column":22}}},"55":{"name":"mixin","line":679,"loc":{"start":{"line":679,"column":2},"end":{"line":679,"column":34}}},"56":{"name":"(anonymous_56)","line":680,"loc":{"start":{"line":680,"column":32},"end":{"line":680,"column":47}}},"57":{"name":"assertModifier","line":692,"loc":{"start":{"line":692,"column":2},"end":{"line":692,"column":54}}},"58":{"name":"(anonymous_58)","line":693,"loc":{"start":{"line":693,"column":11},"end":{"line":693,"column":23}}},"59":{"name":"assertPredicate","line":698,"loc":{"start":{"line":698,"column":2},"end":{"line":698,"column":61}}},"60":{"name":"assertImpl","line":709,"loc":{"start":{"line":709,"column":2},"end":{"line":709,"column":50}}},"61":{"name":"notModifier","line":720,"loc":{"start":{"line":720,"column":2},"end":{"line":720,"column":35}}},"62":{"name":"(anonymous_62)","line":721,"loc":{"start":{"line":721,"column":28},"end":{"line":721,"column":40}}},"63":{"name":"notImpl","line":728,"loc":{"start":{"line":728,"column":2},"end":{"line":728,"column":27}}},"64":{"name":"maybeModifier","line":738,"loc":{"start":{"line":738,"column":2},"end":{"line":738,"column":37}}},"65":{"name":"(anonymous_65)","line":739,"loc":{"start":{"line":739,"column":28},"end":{"line":739,"column":40}}},"66":{"name":"maybeImpl","line":757,"loc":{"start":{"line":757,"column":2},"end":{"line":757,"column":29}}},"67":{"name":"ofModifier","line":770,"loc":{"start":{"line":770,"column":2},"end":{"line":770,"column":48}}},"68":{"name":"(anonymous_68)","line":771,"loc":{"start":{"line":771,"column":28},"end":{"line":771,"column":40}}},"69":{"name":"(anonymous_69)","line":788,"loc":{"start":{"line":788,"column":27},"end":{"line":788,"column":43}}},"70":{"name":"coerceCollection","line":807,"loc":{"start":{"line":807,"column":2},"end":{"line":807,"column":47}}},"71":{"name":"(anonymous_71)","line":812,"loc":{"start":{"line":812,"column":43},"end":{"line":812,"column":58}}},"72":{"name":"createModifiedPredicates","line":820,"loc":{"start":{"line":820,"column":2},"end":{"line":820,"column":55}}},"73":{"name":"createModifiedFunctions","line":824,"loc":{"start":{"line":824,"column":2},"end":{"line":824,"column":42}}},"74":{"name":"(anonymous_74)","line":833,"loc":{"start":{"line":833,"column":35},"end":{"line":833,"column":50}}},"75":{"name":"createModifiedModifier","line":845,"loc":{"start":{"line":845,"column":2},"end":{"line":845,"column":55}}},"76":{"name":"createOfPredicates","line":849,"loc":{"start":{"line":849,"column":2},"end":{"line":849,"column":36}}},"77":{"name":"createOfModifiers","line":855,"loc":{"start":{"line":855,"column":2},"end":{"line":855,"column":46}}},"78":{"name":"(anonymous_78)","line":856,"loc":{"start":{"line":856,"column":24},"end":{"line":856,"column":39}}},"79":{"name":"createMaybeOfModifiers","line":861,"loc":{"start":{"line":861,"column":2},"end":{"line":861,"column":40}}},"80":{"name":"exportFunctions","line":869,"loc":{"start":{"line":869,"column":2},"end":{"line":869,"column":39}}},"81":{"name":"(anonymous_81)","line":871,"loc":{"start":{"line":871,"column":13},"end":{"line":871,"column":25}}}},"statementMap":{"1":{"start":{"line":4,"column":0},"end":{"line":880,"column":9}},"2":{"start":{"line":7,"column":2},"end":{"line":8,"column":45}},"3":{"start":{"line":10,"column":2},"end":{"line":23,"column":4}},"4":{"start":{"line":25,"column":2},"end":{"line":25,"column":16}},"5":{"start":{"line":26,"column":2},"end":{"line":26,"column":18}},"6":{"start":{"line":28,"column":2},"end":{"line":72,"column":5}},"7":{"start":{"line":69,"column":4},"end":{"line":69,"column":19}},"8":{"start":{"line":70,"column":4},"end":{"line":70,"column":54}},"9":{"start":{"line":71,"column":4},"end":{"line":71,"column":27}},"10":{"start":{"line":74,"column":2},"end":{"line":79,"column":4}},"11":{"start":{"line":81,"column":2},"end":{"line":81,"column":63}},"12":{"start":{"line":82,"column":2},"end":{"line":82,"column":32}},"13":{"start":{"line":84,"column":2},"end":{"line":84,"column":43}},"14":{"start":{"line":85,"column":2},"end":{"line":85,"column":64}},"15":{"start":{"line":86,"column":2},"end":{"line":86,"column":55}},"16":{"start":{"line":87,"column":2},"end":{"line":87,"column":61}},"17":{"start":{"line":88,"column":2},"end":{"line":88,"column":59}},"18":{"start":{"line":89,"column":2},"end":{"line":89,"column":63}},"19":{"start":{"line":91,"column":2},"end":{"line":91,"column":42}},"20":{"start":{"line":92,"column":2},"end":{"line":92,"column":44}},"21":{"start":{"line":93,"column":2},"end":{"line":93,"column":38}},"22":{"start":{"line":94,"column":2},"end":{"line":94,"column":46}},"23":{"start":{"line":96,"column":2},"end":{"line":100,"column":6}},"24":{"start":{"line":108,"column":2},"end":{"line":110,"column":3}},"25":{"start":{"line":109,"column":4},"end":{"line":109,"column":23}},"26":{"start":{"line":117,"column":2},"end":{"line":119,"column":3}},"27":{"start":{"line":118,"column":4},"end":{"line":118,"column":30}},"28":{"start":{"line":126,"column":2},"end":{"line":128,"column":3}},"29":{"start":{"line":127,"column":4},"end":{"line":127,"column":25}},"30":{"start":{"line":135,"column":2},"end":{"line":137,"column":3}},"31":{"start":{"line":136,"column":4},"end":{"line":136,"column":49}},"32":{"start":{"line":144,"column":2},"end":{"line":146,"column":3}},"33":{"start":{"line":145,"column":4},"end":{"line":145,"column":22}},"34":{"start":{"line":153,"column":2},"end":{"line":155,"column":3}},"35":{"start":{"line":154,"column":4},"end":{"line":154,"column":82}},"36":{"start":{"line":162,"column":2},"end":{"line":167,"column":3}},"37":{"start":{"line":163,"column":4},"end":{"line":166,"column":40}},"38":{"start":{"line":174,"column":2},"end":{"line":176,"column":3}},"39":{"start":{"line":175,"column":4},"end":{"line":175,"column":42}},"40":{"start":{"line":183,"column":2},"end":{"line":185,"column":3}},"41":{"start":{"line":184,"column":4},"end":{"line":184,"column":42}},"42":{"start":{"line":192,"column":2},"end":{"line":194,"column":3}},"43":{"start":{"line":193,"column":4},"end":{"line":193,"column":40}},"44":{"start":{"line":201,"column":2},"end":{"line":203,"column":3}},"45":{"start":{"line":202,"column":4},"end":{"line":202,"column":36}},"46":{"start":{"line":210,"column":2},"end":{"line":212,"column":3}},"47":{"start":{"line":211,"column":4},"end":{"line":211,"column":36}},"48":{"start":{"line":219,"column":2},"end":{"line":225,"column":3}},"49":{"start":{"line":220,"column":4},"end":{"line":222,"column":5}},"50":{"start":{"line":221,"column":6},"end":{"line":221,"column":47}},"51":{"start":{"line":224,"column":4},"end":{"line":224,"column":45}},"52":{"start":{"line":233,"column":2},"end":{"line":235,"column":3}},"53":{"start":{"line":234,"column":4},"end":{"line":234,"column":37}},"54":{"start":{"line":243,"column":2},"end":{"line":245,"column":3}},"55":{"start":{"line":244,"column":4},"end":{"line":244,"column":37}},"56":{"start":{"line":252,"column":2},"end":{"line":258,"column":3}},"57":{"start":{"line":253,"column":4},"end":{"line":255,"column":5}},"58":{"start":{"line":254,"column":6},"end":{"line":254,"column":61}},"59":{"start":{"line":257,"column":4},"end":{"line":257,"column":59}},"60":{"start":{"line":265,"column":2},"end":{"line":267,"column":3}},"61":{"start":{"line":266,"column":4},"end":{"line":266,"column":28}},"62":{"start":{"line":274,"column":2},"end":{"line":276,"column":3}},"63":{"start":{"line":275,"column":4},"end":{"line":275,"column":25}},"64":{"start":{"line":283,"column":2},"end":{"line":285,"column":3}},"65":{"start":{"line":284,"column":4},"end":{"line":284,"column":36}},"66":{"start":{"line":292,"column":2},"end":{"line":294,"column":3}},"67":{"start":{"line":293,"column":4},"end":{"line":293,"column":23}},"68":{"start":{"line":301,"column":2},"end":{"line":303,"column":3}},"69":{"start":{"line":302,"column":4},"end":{"line":302,"column":39}},"70":{"start":{"line":311,"column":2},"end":{"line":313,"column":3}},"71":{"start":{"line":312,"column":4},"end":{"line":312,"column":58}},"72":{"start":{"line":320,"column":2},"end":{"line":322,"column":3}},"73":{"start":{"line":321,"column":4},"end":{"line":321,"column":48}},"74":{"start":{"line":329,"column":2},"end":{"line":331,"column":3}},"75":{"start":{"line":330,"column":4},"end":{"line":330,"column":43}},"76":{"start":{"line":338,"column":2},"end":{"line":340,"column":3}},"77":{"start":{"line":339,"column":4},"end":{"line":339,"column":70}},"78":{"start":{"line":347,"column":2},"end":{"line":349,"column":3}},"79":{"start":{"line":348,"column":4},"end":{"line":348,"column":58}},"80":{"start":{"line":356,"column":2},"end":{"line":358,"column":3}},"81":{"start":{"line":357,"column":4},"end":{"line":357,"column":56}},"82":{"start":{"line":365,"column":2},"end":{"line":371,"column":3}},"83":{"start":{"line":366,"column":4},"end":{"line":370,"column":5}},"84":{"start":{"line":367,"column":6},"end":{"line":367,"column":39}},"85":{"start":{"line":369,"column":6},"end":{"line":369,"column":19}},"86":{"start":{"line":380,"column":2},"end":{"line":388,"column":3}},"87":{"start":{"line":381,"column":4},"end":{"line":387,"column":5}},"88":{"start":{"line":382,"column":6},"end":{"line":384,"column":83}},"89":{"start":{"line":386,"column":6},"end":{"line":386,"column":19}},"90":{"start":{"line":396,"column":2},"end":{"line":412,"column":3}},"91":{"start":{"line":397,"column":4},"end":{"line":397,"column":13}},"92":{"start":{"line":399,"column":4},"end":{"line":409,"column":5}},"93":{"start":{"line":400,"column":6},"end":{"line":408,"column":7}},"94":{"start":{"line":401,"column":8},"end":{"line":403,"column":9}},"95":{"start":{"line":402,"column":10},"end":{"line":402,"column":23}},"96":{"start":{"line":405,"column":8},"end":{"line":407,"column":9}},"97":{"start":{"line":406,"column":10},"end":{"line":406,"column":23}},"98":{"start":{"line":411,"column":4},"end":{"line":411,"column":16}},"99":{"start":{"line":419,"column":2},"end":{"line":421,"column":3}},"100":{"start":{"line":420,"column":4},"end":{"line":420,"column":31}},"101":{"start":{"line":428,"column":2},"end":{"line":430,"column":3}},"102":{"start":{"line":429,"column":4},"end":{"line":429,"column":44}},"103":{"start":{"line":437,"column":2},"end":{"line":439,"column":3}},"104":{"start":{"line":438,"column":4},"end":{"line":438,"column":42}},"105":{"start":{"line":446,"column":2},"end":{"line":448,"column":3}},"106":{"start":{"line":447,"column":4},"end":{"line":447,"column":49}},"107":{"start":{"line":455,"column":2},"end":{"line":462,"column":3}},"108":{"start":{"line":456,"column":4},"end":{"line":459,"column":5}},"109":{"start":{"line":458,"column":6},"end":{"line":458,"column":29}},"110":{"start":{"line":461,"column":4},"end":{"line":461,"column":63}},"111":{"start":{"line":469,"column":2},"end":{"line":501,"column":3}},"112":{"start":{"line":470,"column":4},"end":{"line":470,"column":28}},"113":{"start":{"line":472,"column":4},"end":{"line":474,"column":5}},"114":{"start":{"line":473,"column":6},"end":{"line":473,"column":19}},"115":{"start":{"line":476,"column":4},"end":{"line":498,"column":5}},"116":{"start":{"line":477,"column":6},"end":{"line":489,"column":7}},"117":{"start":{"line":478,"column":8},"end":{"line":478,"column":33}},"118":{"start":{"line":480,"column":8},"end":{"line":486,"column":35}},"119":{"start":{"line":481,"column":10},"end":{"line":481,"column":38}},"120":{"start":{"line":483,"column":10},"end":{"line":485,"column":11}},"121":{"start":{"line":484,"column":12},"end":{"line":484,"column":24}},"122":{"start":{"line":488,"column":8},"end":{"line":488,"column":21}},"123":{"start":{"line":491,"column":6},"end":{"line":495,"column":9}},"124":{"start":{"line":492,"column":8},"end":{"line":494,"column":9}},"125":{"start":{"line":493,"column":10},"end":{"line":493,"column":18}},"126":{"start":{"line":497,"column":6},"end":{"line":497,"column":18}},"127":{"start":{"line":500,"column":4},"end":{"line":500,"column":17}},"128":{"start":{"line":509,"column":2},"end":{"line":511,"column":3}},"129":{"start":{"line":510,"column":4},"end":{"line":510,"column":52}},"130":{"start":{"line":518,"column":2},"end":{"line":524,"column":3}},"131":{"start":{"line":519,"column":4},"end":{"line":523,"column":5}},"132":{"start":{"line":520,"column":6},"end":{"line":520,"column":61}},"133":{"start":{"line":522,"column":6},"end":{"line":522,"column":19}},"134":{"start":{"line":531,"column":2},"end":{"line":533,"column":3}},"135":{"start":{"line":532,"column":4},"end":{"line":532,"column":38}},"136":{"start":{"line":543,"column":2},"end":{"line":558,"column":3}},"137":{"start":{"line":544,"column":4},"end":{"line":544,"column":23}},"138":{"start":{"line":546,"column":4},"end":{"line":550,"column":5}},"139":{"start":{"line":547,"column":6},"end":{"line":549,"column":9}},"140":{"start":{"line":548,"column":8},"end":{"line":548,"column":33}},"141":{"start":{"line":552,"column":4},"end":{"line":552,"column":29}},"142":{"start":{"line":553,"column":4},"end":{"line":553,"column":46}},"143":{"start":{"line":555,"column":4},"end":{"line":557,"column":7}},"144":{"start":{"line":556,"column":6},"end":{"line":556,"column":38}},"145":{"start":{"line":569,"column":2},"end":{"line":579,"column":3}},"146":{"start":{"line":570,"column":4},"end":{"line":570,"column":24}},"147":{"start":{"line":572,"column":4},"end":{"line":574,"column":5}},"148":{"start":{"line":573,"column":6},"end":{"line":573,"column":41}},"149":{"start":{"line":576,"column":4},"end":{"line":576,"column":30}},"150":{"start":{"line":578,"column":4},"end":{"line":578,"column":40}},"151":{"start":{"line":581,"column":2},"end":{"line":589,"column":3}},"152":{"start":{"line":582,"column":4},"end":{"line":582,"column":20}},"153":{"start":{"line":584,"column":4},"end":{"line":586,"column":7}},"154":{"start":{"line":585,"column":6},"end":{"line":585,"column":41}},"155":{"start":{"line":588,"column":4},"end":{"line":588,"column":18}},"156":{"start":{"line":591,"column":2},"end":{"line":609,"column":3}},"157":{"start":{"line":592,"column":4},"end":{"line":592,"column":20}},"158":{"start":{"line":594,"column":4},"end":{"line":606,"column":7}},"159":{"start":{"line":595,"column":6},"end":{"line":595,"column":38}},"160":{"start":{"line":597,"column":6},"end":{"line":605,"column":7}},"161":{"start":{"line":598,"column":8},"end":{"line":602,"column":9}},"162":{"start":{"line":599,"column":10},"end":{"line":599,"column":38}},"163":{"start":{"line":601,"column":10},"end":{"line":601,"column":45}},"164":{"start":{"line":603,"column":13},"end":{"line":605,"column":7}},"165":{"start":{"line":604,"column":8},"end":{"line":604,"column":55}},"166":{"start":{"line":608,"column":4},"end":{"line":608,"column":18}},"167":{"start":{"line":619,"column":2},"end":{"line":627,"column":3}},"168":{"start":{"line":620,"column":4},"end":{"line":622,"column":5}},"169":{"start":{"line":621,"column":6},"end":{"line":621,"column":36}},"170":{"start":{"line":624,"column":4},"end":{"line":624,"column":24}},"171":{"start":{"line":626,"column":4},"end":{"line":626,"column":35}},"172":{"start":{"line":629,"column":2},"end":{"line":639,"column":3}},"173":{"start":{"line":630,"column":4},"end":{"line":630,"column":10}},"174":{"start":{"line":632,"column":4},"end":{"line":636,"column":5}},"175":{"start":{"line":633,"column":6},"end":{"line":635,"column":7}},"176":{"start":{"line":634,"column":8},"end":{"line":634,"column":22}},"177":{"start":{"line":638,"column":4},"end":{"line":638,"column":19}},"178":{"start":{"line":641,"column":2},"end":{"line":659,"column":3}},"179":{"start":{"line":642,"column":4},"end":{"line":642,"column":19}},"180":{"start":{"line":644,"column":4},"end":{"line":656,"column":5}},"181":{"start":{"line":645,"column":6},"end":{"line":655,"column":7}},"182":{"start":{"line":646,"column":8},"end":{"line":646,"column":26}},"183":{"start":{"line":648,"column":8},"end":{"line":650,"column":9}},"184":{"start":{"line":649,"column":10},"end":{"line":649,"column":24}},"185":{"start":{"line":652,"column":8},"end":{"line":654,"column":9}},"186":{"start":{"line":653,"column":10},"end":{"line":653,"column":24}},"187":{"start":{"line":658,"column":4},"end":{"line":658,"column":19}},"188":{"start":{"line":669,"column":2},"end":{"line":677,"column":3}},"189":{"start":{"line":670,"column":4},"end":{"line":672,"column":5}},"190":{"start":{"line":671,"column":6},"end":{"line":671,"column":35}},"191":{"start":{"line":674,"column":4},"end":{"line":674,"column":24}},"192":{"start":{"line":676,"column":4},"end":{"line":676,"column":34}},"193":{"start":{"line":679,"column":2},"end":{"line":685,"column":3}},"194":{"start":{"line":680,"column":4},"end":{"line":682,"column":7}},"195":{"start":{"line":681,"column":6},"end":{"line":681,"column":32}},"196":{"start":{"line":684,"column":4},"end":{"line":684,"column":18}},"197":{"start":{"line":692,"column":2},"end":{"line":696,"column":3}},"198":{"start":{"line":693,"column":4},"end":{"line":695,"column":6}},"199":{"start":{"line":694,"column":6},"end":{"line":694,"column":60}},"200":{"start":{"line":698,"column":2},"end":{"line":707,"column":3}},"201":{"start":{"line":699,"column":4},"end":{"line":699,"column":51}},"202":{"start":{"line":700,"column":4},"end":{"line":700,"column":33}},"203":{"start":{"line":701,"column":4},"end":{"line":701,"column":39}},"204":{"start":{"line":702,"column":4},"end":{"line":706,"column":6}},"205":{"start":{"line":709,"column":2},"end":{"line":713,"column":3}},"206":{"start":{"line":710,"column":4},"end":{"line":712,"column":5}},"207":{"start":{"line":711,"column":6},"end":{"line":711,"column":68}},"208":{"start":{"line":720,"column":2},"end":{"line":726,"column":3}},"209":{"start":{"line":721,"column":4},"end":{"line":723,"column":6}},"210":{"start":{"line":722,"column":6},"end":{"line":722,"column":55}},"211":{"start":{"line":724,"column":4},"end":{"line":724,"column":43}},"212":{"start":{"line":725,"column":4},"end":{"line":725,"column":29}},"213":{"start":{"line":728,"column":2},"end":{"line":730,"column":3}},"214":{"start":{"line":729,"column":4},"end":{"line":729,"column":18}},"215":{"start":{"line":738,"column":2},"end":{"line":755,"column":3}},"216":{"start":{"line":739,"column":4},"end":{"line":745,"column":6}},"217":{"start":{"line":740,"column":6},"end":{"line":742,"column":7}},"218":{"start":{"line":741,"column":8},"end":{"line":741,"column":20}},"219":{"start":{"line":744,"column":6},"end":{"line":744,"column":46}},"220":{"start":{"line":746,"column":4},"end":{"line":746,"column":43}},"221":{"start":{"line":752,"column":4},"end":{"line":752,"column":31}},"222":{"start":{"line":754,"column":4},"end":{"line":754,"column":29}},"223":{"start":{"line":757,"column":2},"end":{"line":763,"column":3}},"224":{"start":{"line":758,"column":4},"end":{"line":760,"column":5}},"225":{"start":{"line":759,"column":6},"end":{"line":759,"column":18}},"226":{"start":{"line":762,"column":4},"end":{"line":762,"column":17}},"227":{"start":{"line":770,"column":2},"end":{"line":805,"column":3}},"228":{"start":{"line":771,"column":4},"end":{"line":802,"column":6}},"229":{"start":{"line":772,"column":6},"end":{"line":772,"column":27}},"230":{"start":{"line":774,"column":6},"end":{"line":774,"column":32}},"231":{"start":{"line":776,"column":6},"end":{"line":778,"column":7}},"232":{"start":{"line":777,"column":8},"end":{"line":777,"column":20}},"233":{"start":{"line":780,"column":6},"end":{"line":782,"column":7}},"234":{"start":{"line":781,"column":8},"end":{"line":781,"column":21}},"235":{"start":{"line":784,"column":6},"end":{"line":784,"column":54}},"236":{"start":{"line":785,"column":6},"end":{"line":785,"column":38}},"237":{"start":{"line":787,"column":6},"end":{"line":799,"column":7}},"238":{"start":{"line":788,"column":8},"end":{"line":796,"column":11}},"239":{"start":{"line":789,"column":10},"end":{"line":795,"column":11}},"240":{"start":{"line":794,"column":12},"end":{"line":794,"column":20}},"241":{"start":{"line":798,"column":8},"end":{"line":798,"column":21}},"242":{"start":{"line":801,"column":6},"end":{"line":801,"column":18}},"243":{"start":{"line":803,"column":4},"end":{"line":803,"column":43}},"244":{"start":{"line":804,"column":4},"end":{"line":804,"column":29}},"245":{"start":{"line":807,"column":2},"end":{"line":818,"column":3}},"246":{"start":{"line":808,"column":4},"end":{"line":817,"column":5}},"247":{"start":{"line":810,"column":8},"end":{"line":810,"column":38}},"248":{"start":{"line":812,"column":8},"end":{"line":814,"column":11}},"249":{"start":{"line":813,"column":10},"end":{"line":813,"column":33}},"250":{"start":{"line":816,"column":8},"end":{"line":816,"column":26}},"251":{"start":{"line":820,"column":2},"end":{"line":822,"column":3}},"252":{"start":{"line":821,"column":4},"end":{"line":821,"column":69}},"253":{"start":{"line":824,"column":2},"end":{"line":843,"column":3}},"254":{"start":{"line":825,"column":4},"end":{"line":825,"column":44}},"255":{"start":{"line":827,"column":4},"end":{"line":827,"column":28}},"256":{"start":{"line":828,"column":4},"end":{"line":828,"column":24}},"257":{"start":{"line":829,"column":4},"end":{"line":829,"column":27}},"258":{"start":{"line":831,"column":4},"end":{"line":831,"column":26}},"259":{"start":{"line":833,"column":4},"end":{"line":840,"column":7}},"2
[...]
e otherwise.","   */","  function integer (data) {","    return number(data) && data % 1 === 0;","  }","","  /**","   * Public function `even`.","   *","   * Returns true if `data` is an even number, false otherwise.","   */","  function even (data) {","    return number(data) && data % 2 === 0;","  }","","  /**","   * Public function `odd`.","   *","   * Returns true if `data` is an odd number, false otherwise.","   */","  function odd (data) {","    return integer(data) && !even(data);","  }","","  /**","   * Public function `greater`.","   *","   * Returns true if `lhs` is a number greater than `rhs`, false otherwise.","   */","  function greater (lhs, rhs) {","    return number(lhs) && lhs > rhs;","  }","","  /**","   * Public function `less`.","   *","   * Returns true if `lhs` is a number less than `rhs`, false otherwise.","   */","  function less (lhs, rhs) {","    return number(lhs) && lhs < rhs;","  }","","  /**","   * Public function `between`.","   *","   * Returns true if `data` is a number between `x` and `y`, false otherwise.","   */","  function between (data, x, y) {","    if (x < y) {","      return greater(data, x) && less(data, y);","    }","","    return less(data, x) && greater(data, y);","  }","","  /**","   * Public function `greaterOrEqual`.","   *","   * Returns true if `lhs` is a number greater than or equal to `rhs`, false","   * otherwise.","   */","  function greaterOrEqual (lhs, rhs) {","    return number(lhs) && lhs >= rhs;","  }","","  /**","   * Public function `lessOrEqual`.","   *","   * Returns true if `lhs` is a number less than or equal to `rhs`, false","   * otherwise.","   */","  function lessOrEqual (lhs, rhs) {","    return number(lhs) && lhs <= rhs;","  }","","  /**","   * Public function `inRange`.","   *","   * Returns true if `data` is a number in the range `x..y`, false otherwise.","   */","  function inRange (data, x, y) {","    if (x < y) {","      return greaterOrEqual(data, x) && lessOrEqual(data, y);","    }","","    return lessOrEqual(data, x) && greaterOrEqual(data, y);","  }","","  /**","   * Public function `positive`.","   *","   * Returns true if `data` is a positive number, false otherwise.","   */","  function positive (data) {","    return greater(data, 0);","  }","","  /**","   * Public function `negative`.","   *","   * Returns true if `data` is a negative number, false otherwise.","   */","  function negative (data) {","    return less(data, 0);","  }","","  /**","   * Public function `string`.","   *","   * Returns true if `data` is a string, false otherwise.","   */","  function string (data) {","    return typeof data === 'string';","  }","","  /**","   * Public function `emptyString`.","   *","   * Returns true if `data` is the empty string, false otherwise.","   */","  function emptyString (data) {","    return data === '';","  }","","  /**","   * Public function `nonEmptyString`.","   *","   * Returns true if `data` is a non-empty string, false otherwise.","   */","  function nonEmptyString (data) {","    return string(data) && data !== '';","  }","","  /**","   * Public function `contains`.","   *","   * Returns true if `data` is a string that contains `substring`, false","   * otherwise.","   */","  function contains (data, substring) {","    return string(data) && data.indexOf(substring) !== -1;","  }","","  /**","   * Public function `match`.","   *","   * Returns true if `data` is a string that matches `regex`, false otherwise.","   */","  function match (data, regex) {","    return string(data) && !! data.match(regex);","  }","","  /**","   * Public function `boolean`.","   *","   * Returns true if `data` is a boolean value, false otherwise.","   */","  function boolean (data) {","    return data === false || data === true;","  }","","  /**","   * Public function `object`.","   *","   * Returns true if `data` is a plain-old JS object, false otherwise.","   */","  function object (data) {","    return Object.prototype.toString.call(data) === '[object Object]';","  }","","  /**","   * Public function `emptyObject`.","   *","   * Returns true if `data` is an empty object, false otherwise.","   */","  function emptyObject (data) {","    return object(data) && Object.keys(data).length === 0;","  }","","  /**","   * Public function `nonEmptyObject`.","   *","   * Returns true if `data` is a non-empty object, false otherwise.","   */","  function nonEmptyObject (data) {","    return object(data) && Object.keys(data).length > 0;","  }","","  /**","   * Public function `instanceStrict`.","   *","   * Returns true if `data` is an instance of `prototype`, false otherwise.","   */","  function instanceStrict (data, prototype) {","    try {","      return data instanceof prototype;","    } catch (error) {","      return false;","    }","  }","","  /**","   * Public function `instance`.","   *","   * Returns true if `data` is an instance of `prototype`, false otherwise.","   * Falls back to testing constructor.name and Object.prototype.toString","   * if the initial instanceof test fails.","   */","  function instance (data, prototype) {","    try {","      return instanceStrict(data, prototype) ||","        data.constructor.name === prototype.name ||","        Object.prototype.toString.call(data) === '[object ' + prototype.name + ']';","    } catch (error) {","      return false;","    }","  }","","  /**","   * Public function `like`.","   *","   * Tests whether `data` 'quacks like a duck'. Returns true if `data` has all","   * of the properties of `archetype` (the 'duck'), false otherwise.","   */","  function like (data, archetype) {","    var name;","","    for (name in archetype) {","      if (archetype.hasOwnProperty(name)) {","        if (data.hasOwnProperty(name) === false || typeof data[name] !== typeof archetype[name]) {","          return false;","        }","","        if (object(data[name]) && like(data[name], archetype[name]) === false) {","          return false;","        }","      }","    }","","    return true;","  }","","  /**","   * Public function `array`.","   *","   * Returns true if `data` is an array, false otherwise.","   */","  function array (data) {","    return Array.isArray(data);","  }","","  /**","   * Public function `emptyArray`.","   *","   * Returns true if `data` is an empty array, false otherwise.","   */","  function emptyArray (data) {","    return array(data) && data.length === 0;","  }","","  /**","   * Public function `nonEmptyArray`.","   *","   * Returns true if `data` is a non-empty array, false otherwise.","   */","  function nonEmptyArray (data) {","    return array(data) && data.length > 0;","  }","","  /**","   * Public function `arrayLike`.","   *","   * Returns true if `data` is an array-like object, false otherwise.","   */","  function arrayLike (data) {","    return assigned(data) && number(data.length);","  }","","  /**","   * Public function `iterable`.","   *","   * Returns true if `data` is an iterable, false otherwise.","   */","  function iterable (data) {","    if (typeof Symbol === 'undefined') {","      // Fall back to `arrayLike` predicate in pre-ES6 environments.","      return arrayLike(data);","    }","","    return assigned(data) && isFunction(data[Symbol.iterator]);","  }","","  /**","   * Public function `includes`.","   *","   * Returns true if `data` contains `value`, false otherwise.","   */","  function includes (data, value) {","    var iterator, iteration;","","    if (not.assigned(data)) {","      return false;","    }","","    try {","      if (typeof Symbol !== 'undefined' && data[Symbol.iterator] && isFunction(data.values)) {","        iterator = data.values();","","        do {","          iteration = iterator.next();","","          if (iteration.value === value) {","            return true;","          }","        } while (! iteration.done);","","        return false;","      }","","      Object.keys(data).forEach(function (key) {","        if (data[key] === value) {","          throw 0;","        }","      });","    } catch (ignore) {","      return true;","    }","","    return false;","  }","","  /**","   * Public function `hasLength`.","   *","   * Returns true if `data` has a length property that equals `length`, false","   * otherwise.","   */","  function hasLength (data, length) {","    return assigned(data) && data.length === length;","  }","","  /**","   * Public function `date`.","   *","   * Returns true if `data` is a valid date, false otherwise.","   */","  function date (data) {","    try {","      return instance(data, Date) && integer(data.getTime());","    } catch (error) {","      return false;","    }","  }","","  /**","   * Public function `function`.","   *","   * Returns true if `data` is a function, false otherwise.","   */","  function isFunction (data) {","    return typeof data === 'function';","  }","","  /**","   * Public function `apply`.","   *","   * Maps each value from the `data` to the corresponding predicate and returns","   * the result array. If the same function is to be applied across all of the","   * data, a single predicate function may be passed in.","   *","   */","  function apply (data, predicates) {","    assert.array(data);","","    if (isFunction(predicates)) {","      return data.map(function (value) {","        return predicates(value);","      });","    }","","    assert.array(predicates);","    assert.hasLength(data, predicates.length);","","    return data.map(function (value, index) {","      return predicates[index](value);","    });","  }","","  /**","   * Public function `map`.","   *","   * Maps each value from the `data` to the corresponding predicate and returns","   * the result object. Supports nested objects. If the `data` is not nested and","   * the same function is to be applied across all of it, a single predicate","   * function may be passed in.","   *","   */","  function map (data, predicates) {","    assert.object(data);","","    if (isFunction(predicates)) {","      return mapSimple(data, predicates);","    }","","    assert.object(predicates);","","    return mapComplex(data, predicates);","  }","","  function mapSimple (data, predicate) {","    var result = {};","","    Object.keys(data).forEach(function (key) {","      result[key] = predicate(data[key]);","    });","","    return result;","  }","","  function mapComplex (data, predicates) {","    var result = {};","","    Object.keys(predicates).forEach(function (key) {","      var predicate = predicates[key];","","      if (isFunction(predicate)) {","        if (not.assigned(data)) {","          result[key] = !!predicate.m;","        } else {","          result[key] = predicate(data[key]);","        }","      } else if (object(predicate)) {","        result[key] = mapComplex(data[key], predicate);","      }","    });","","    return result;","  }","","  /**","   * Public function `all`","   *","   * Check that all boolean values are true","   * in an array (returned from `apply`)","   * or object (returned from `map`).","   *","   */","  function all (data) {","    if (array(data)) {","      return testArray(data, false);","    }","","    assert.object(data);","","    return testObject(data, false);","  }","","  function testArray (data, result) {","    var i;","","    for (i = 0; i < data.length; i += 1) {","      if (data[i] === result) {","        return result;","      }","    }","","    return !result;","  }","","  function testObject (data, result) {","    var key, value;","","    for (key in data) {","      if (data.hasOwnProperty(key)) {","        value = data[key];","","        if (object(value) && testObject(value, result) === result) {","          return result;","        }","","        if (value === result) {","          return result;","        }","      }","    }","","    return !result;","  }","","  /**","   * Public function `any`","   *","   * Check that at least one boolean value is true","   * in an array (returned from `apply`)","   * or object (returned from `map`).","   *","   */","  function any (data) {","    if (array(data)) {","      return testArray(data, true);","    }","","    assert.object(data);","","    return testObject(data, true);","  }","","  function mixin (target, source) {","    Object.keys(source).forEach(function (key) {","      target[key] = source[key];","    });","","    return target;","  }","","  /**","   * Public modifier `assert`.","   *","   * Throws if `predicate` returns false.","   */","  function assertModifier (predicate, defaultMessage) {","    return function () {","      assertPredicate(predicate, arguments, defaultMessage);","    };","  }","","  function assertPredicate (predicate, args, defaultMessage) {","    var argCount = predicate.l || predicate.length;","    var message = args[argCount];","    var ErrorType = args[argCount + 1];","    assertImpl(","      predicate.apply(null, args),","      nonEmptyString(message) ? message : defaultMessage,","      isFunction(ErrorType) ? ErrorType : TypeError","    );","  }","","  function assertImpl (value, message, ErrorType) {","    if (value === false) {","      throw new (ErrorType || Error)(message || 'Assertion failed');","    }","  }","","  /**","   * Public modifier `not`.","   *","   * Negates `predicate`.","   */","  function notModifier (predicate) {","    var modifiedPredicate = function () {","      return notImpl(predicate.apply(null, arguments));","    };","    modifiedPredicate.l = predicate.length;","    return modifiedPredicate;","  }","","  function notImpl (value) {","    return !value;","  }","","  /**","   * Public modifier `maybe`.","   *","   * Returns true if predicate argument is  null or undefined,","   * otherwise propagates the return value from `predicate`.","   */","  function maybeModifier (predicate) {","    var modifiedPredicate = function () {","      if (not.assigned(arguments[0])) {","        return true;","      }","","      return predicate.apply(null, arguments);","    };","    modifiedPredicate.l = predicate.length;","","    // Hackishly indicate that this is a maybe.xxx predicate.","    // Without this flag, the alternative would be to iterate","    // through the maybe predicates or use indexOf to check,","    // which would be time-consuming.","    modifiedPredicate.m = true;","","    return modifiedPredicate;","  }","","  function maybeImpl (value) {","    if (assigned(value) === false) {","      return true;","    }","","    return value;","  }","","  /**","   * Public modifier `of`.","   *","   * Applies the chained predicate to members of the collection.","   */","  function ofModifier (target, type, predicate) {","    var modifiedPredicate = function () {","      var collection, args;","","      collection = arguments[0];","","      if (target === 'maybe' && not.assigned(collection)) {","        return true;","      }","","      if (!type(collection)) {","        return false;","      }","","      collection = coerceCollection(type, collection);","      args = slice.call(arguments, 1);","","      try {","        collection.forEach(function (item) {","          if (","            (target !== 'maybe' || assigned(item)) &&","            !predicate.apply(null, [ item ].concat(args))","          ) {","            // TODO: Replace with for...of when ES6 is required.","            throw 0;","          }","        });","      } catch (ignore) {","        return false;","      }","","      return true;","    };","    modifiedPredicate.l = predicate.length;","    return modifiedPredicate;","  }","","  function coerceCollection (type, collection) {","    switch (type) {","      case arrayLike:","        return slice.call(collection);","      case object:","        return Object.keys(collection).map(function (key) {","          return collection[key];","        });","      default:","        return collection;","    }","  }","","  function createModifiedPredicates (modifier, object) {","    return createModifiedFunctions([ modifier, predicates, object ]);","  }","","  function createModifiedFunctions (args) {","    var modifier, object, functions, result;","","    modifier = args.shift();","    object = args.pop();","    functions = args.pop();","","    result = object || {};","","    Object.keys(functions).forEach(function (key) {","      Object.defineProperty(result, key, {","        configurable: false,","        enumerable: true,","        writable: false,","        value: modifier.apply(null, args.concat(functions[key], messages[key]))","      });","    });","","    return result;","  }","","  function createModifiedModifier (modifier, modified) {","    return createModifiedFunctions([ modifier, modified, null ]);","  }","","  function createOfPredicates (key) {","    predicates[key].of = createModifiedFunctions(","      [ ofModifier.bind(null, null), predicates[key], predicates, null ]","    );","  }","","  function createOfModifiers (base, modifier) {","    collections.forEach(function (key) {","      base[key].of = createModifiedModifier(modifier, predicates[key].of);","    });","  }","","  function createMaybeOfModifiers (key) {","    maybe[key].of = createModifiedFunctions(","      [ ofModifier.bind(null, 'maybe'), predicates[key], predicates, null ]","    );","    assert.maybe[key].of = createModifiedModifier(assertModifier, maybe[key].of);","    assert.not[key].of = createModifiedModifier(assertModifier, not[key].of);","  }","","  function exportFunctions (functions) {","    if (typeof define === 'function' && define.amd) {","      define(function () {","        return functions;","      });","    } else if (typeof module !== 'undefined' && module !== null && module.exports) {","      module.exports = functions;","    } else {","      globals.check = functions;","    }","  }","}(this));",""],"l":{"4":1,"7":1,"10":1,"25":1,"26":1,"28":1,"69":39,"70":39,"71":39,"74":1,"81":1,"82":1,"84":1,"85":1,"86":1,"87":1,"88":1,"89":1,"91":1,"92":1,"93":1,"94":1,"96":1,"108":1,"109":0,"117":1,"118":0,"126":1,"127":0,"135":1,"136":0,"144":1,"145":0,"153":1,"154":0,"162":1,"163":0,"174":1,"175":0,"183":1,"184":0,"192":1,"193":0,"201":1,"202":0,"210":1,"211":0,"219":1,"220":0,"221":0,"224":0,"233":1,"234":0,"243":1,"244":0,"252":1,"253":0,"254":0,"257":0,"265":1,"266":0,"274":1,"275":0,"283":1,"284":0,"292":1,"293":0,"301":1,"302":0,"311":1,"312":0,"320":1,"321":0,"329":1,"330":0,"338":1,"339":0,"347":1,"348":0,"356":1,"357":0,"365":1,"366":0,"367":0,"369":0,"380":1,"381":0,"382":0,"386":0,"396":1,"397":0,"399":0,"400":0,"401":0,"402":0,"405":0,"406":0,"411":0,"419":1,"420":0,"428":1,"429":0,"437":1,"438":0,"446":1,"447":0,"455":1,"456":0,"458":0,"461":0,"469":1,"470":0,"472":0,"473":0,"476":0,"477":0,"478":0,"480":0,"481":0,"483":0,"484":0,"488":0,"491":0,"492":0,"493":0,"497":0,"500":0,"509":1,"510":0,"518":1,"519":0,"520":0,"522":0,"531":1,"532":0,"543":1,"544":0,"546":0,"547":0,"548":0,"552":0,"553":0,"555":0,"556":0,"569":1,"570":0,"572":0,"573":0,"576":0,"578":0,"581":1,"582":0,"584":0,"585":0,"588":0,"591":1,"592":0,"594":0,"595":0,"597":0,"598":0,"599":0,"601":0,"603":0,"604":0,"608":0,"619":1,"620":0,"621":0,"624":0,"626":0,"629":1,"630":0,"632":0,"633":0,"634":0,"638":0,"641":1,"642":0,"644":0,"645":0,"646":0,"648":0,"649":0,"652":0,"653":0,"658":0,"669":1,"670":0,"671":0,"674":0,"676":0,"679":1,"680":2,"681":42,"684":2,"692":1,"693":585,"694":0,"698":1,"699":0,"700":0,"701":0,"702":0,"709":1,"710":0,"711":0,"720":1,"721":195,"722":0,"724":195,"725":195,"728":1,"729":0,"738":1,"739":39,"740":0,"741":0,"744":0,"746":39,"752":39,"754":39,"757":1,"758":0,"759":0,"762":0,"770":1,"771":312,"772":0,"774":0,"776":0,"777":0,"780":0,"781":0,"784":0,"785":0,"787":0,"788":0,"789":0,"794":0,"798":0,"801":0,"803":312,"804":312,"807":1,"808":0,"810":0,"812":0,"813":0,"816":0,"820":1,"821":3,"824":1,"825":29,"827":29,"828":29,"829":29,"831":29,"833":29,"834":1131,"842":29,"845":1,"846":18,"849":1,"850":4,"855":1,"856":2,"857":8,"861":1,"862":4,"865":4,"866":4,"869":1,"870":1,"871":0,"872":0,"874":1,"875":1,"877":0}}}